Clock: clk
Sources: clk 
Generated: no
Virtual: yes
Propagated: no
Period: 10.000000

===========================================================================
report_clock_properties
============================================================================
Clock                   Period          Waveform
----------------------------------------------------
clk                  10.000000    0.000000  5.000000

===========================================================================
report_clock_latency
============================================================================
Clock clk
rise -> rise
    min     max
0.000000 0.000000 source latency
0.284315         network latency _802_/CLK
        0.287633 network latency _801_/CLK
---------------
0.284315 0.287633 latency
        0.003318 skew

fall -> fall
    min     max
0.000000 0.000000 source latency
0.288750         network latency _802_/CLK
        0.291585 network latency _801_/CLK
---------------
0.288750 0.291585 latency
        0.002835 skew



===========================================================================
report_clock_min_period
============================================================================
clk period_min = 2.24 fmax = 446.84
