93. Printing statistics.

=== counter_8bit ===

   Number of wires:                603
   Number of wire bits:            639
   Number of public wires:           4
   Number of public wire bits:      26
   Number of ports:                  3
   Number of port bits:             18
   Number of memories:               0
   Number of memory bits:            0
   Number of processes:              0
   Number of cells:                629
     $_ANDNOT_                      45
     $_AND_                          5
     $_MUX_                        494
     $_NAND_                         6
     $_NOR_                          4
     $_NOT_                         15
     $_ORNOT_                        5
     $_OR_                          39
     $_XNOR_                         1
     $_XOR_                          7
     sky130_fd_sc_hd__dfrtp_2        8

   Area for cell type $_NOT_ is unknown!
   Area for cell type $_AND_ is unknown!
   Area for cell type $_NAND_ is unknown!
   Area for cell type $_OR_ is unknown!
   Area for cell type $_NOR_ is unknown!
   Area for cell type $_XOR_ is unknown!
   Area for cell type $_XNOR_ is unknown!
   Area for cell type $_ANDNOT_ is unknown!
   Area for cell type $_ORNOT_ is unknown!
   Area for cell type $_MUX_ is unknown!

   Chip area for module '\counter_8bit': 210.201600
     of which used for sequential elements: 210.201600 (100.00%)

