#! /usr/bin/vvp
:ivl_version "11.0 (stable)";
:ivl_delay_selection "TYPICAL";
:vpi_time_precision + 0;
:vpi_module "/usr/lib/x86_64-linux-gnu/ivl/system.vpi";
:vpi_module "/usr/lib/x86_64-linux-gnu/ivl/vhdl_sys.vpi";
:vpi_module "/usr/lib/x86_64-linux-gnu/ivl/vhdl_textio.vpi";
:vpi_module "/usr/lib/x86_64-linux-gnu/ivl/v2005_math.vpi";
:vpi_module "/usr/lib/x86_64-linux-gnu/ivl/va_math.vpi";
S_0x56213fcfd190 .scope module, "counter_8bit" "counter_8bit" 2 1;
 .timescale 0 0;
    .port_info 0 /INPUT 1 "rst";
    .port_info 1 /INPUT 1 "clk";
    .port_info 2 /OUTPUT 16 "sine_out";
L_0x7f6279e04018 .functor BUFT 1, C4<0111111110000>, C4<0>, C4<0>, C4<0>;
v0x56213fcfd320_0 .net/2u *"_ivl_0", 12 0, L_0x7f6279e04018;  1 drivers
v0x56213fd280c0_0 .net *"_ivl_10", 12 0, L_0x56213fd38f50;  1 drivers
L_0x7f6279e040f0 .functor BUFT 1, C4<0>, C4<0>, C4<0>, C4<0>;
v0x56213fd281a0_0 .net *"_ivl_13", 0 0, L_0x7f6279e040f0;  1 drivers
v0x56213fd28260_0 .net *"_ivl_14", 12 0, L_0x56213fd39090;  1 drivers
v0x56213fd28340_0 .net *"_ivl_2", 11 0, L_0x56213fd38c60;  1 drivers
L_0x7f6279e04060 .functor BUFT 1, C4<0000>, C4<0>, C4<0>, C4<0>;
v0x56213fd28470_0 .net *"_ivl_5", 3 0, L_0x7f6279e04060;  1 drivers
L_0x7f6279e040a8 .functor BUFT 1, C4<000000010000>, C4<0>, C4<0>, C4<0>;
v0x56213fd28550_0 .net/2u *"_ivl_6", 11 0, L_0x7f6279e040a8;  1 drivers
v0x56213fd28630_0 .net *"_ivl_9", 11 0, L_0x56213fd38de0;  1 drivers
o0x7f6279e4d198 .functor BUFZ 1, C4<z>; HiZ drive
v0x56213fd28710_0 .net "clk", 0 0, o0x7f6279e4d198;  0 drivers
o0x7f6279e4d1c8 .functor BUFZ 1, C4<z>; HiZ drive
v0x56213fd28860_0 .net "rst", 0 0, o0x7f6279e4d1c8;  0 drivers
v0x56213fd28920_0 .net "sine_out", 15 0, L_0x56213fd39270;  1 drivers
v0x56213fd28a00_0 .var "sine_table", 4095 0;
v0x56213fd28ac0_0 .var "tcount", 7 0;
E_0x56213fd06ca0 .event posedge, v0x56213fd28860_0, v0x56213fd28710_0;
L_0x56213fd38c60 .concat [ 8 4 0 0], v0x56213fd28ac0_0, L_0x7f6279e04060;
L_0x56213fd38de0 .arith/mult 12, L_0x56213fd38c60, L_0x7f6279e040a8;
L_0x56213fd38f50 .concat [ 12 1 0 0], L_0x56213fd38de0, L_0x7f6279e040f0;
L_0x56213fd39090 .arith/sub 13, L_0x7f6279e04018, L_0x56213fd38f50;
L_0x56213fd39270 .part/v v0x56213fd28a00_0, L_0x56213fd39090, 16;
    .scope S_0x56213fcfd190;
T_0 ;
    %pushi/vec4 3372323330, 0, 86;
    %concati/vec4 3037087239, 0, 33;
    %concati/vec4 3582551050, 0, 32;
    %concati/vec4 4044127374, 0, 32;
    %concati/vec4 2985402914, 0, 37;
    %concati/vec4 3377072649, 0, 34;
    %concati/vec4 2328349572, 0, 32;
    %concati/vec4 2558368239, 0, 33;
    %concati/vec4 2606570694, 0, 32;
    %concati/vec4 4049140829, 0, 35;
    %concati/vec4 3877780771, 0, 37;
    %concati/vec4 2384779814, 0, 32;
    %concati/vec4 4248501572, 0, 35;
    %concati/vec4 3444469079, 0, 32;
    %concati/vec4 3579906410, 0, 32;
    %concati/vec4 2536298421, 0, 36;
    %concati/vec4 3627735228, 0, 32;
    %concati/vec4 2993959783, 0, 33;
    %concati/vec4 3025351990, 0, 32;
    %concati/vec4 3054614244, 0, 32;
    %concati/vec4 3081713777, 0, 32;
    %concati/vec4 3836274538, 0, 34;
    %concati/vec4 3926453378, 0, 32;
    %concati/vec4 4007063816, 0, 32;
    %concati/vec4 4078105848, 0, 32;
    %concati/vec4 4139317330, 0, 32;
    %concati/vec4 4190567186, 0, 32;
    %concati/vec4 4231724344, 0, 32;
    %concati/vec4 4262657730, 0, 32;
    %concati/vec4 4283236272, 0, 32;
    %concati/vec4 4293591038, 0, 32;
    %concati/vec4 4293590960, 0, 32;
    %concati/vec4 4283236034, 0, 32;
    %concati/vec4 4262657336, 0, 32;
    %concati/vec4 4231723794, 0, 32;
    %concati/vec4 4190566482, 0, 32;
    %concati/vec4 4139316472, 0, 32;
    %concati/vec4 4078104840, 0, 32;
    %concati/vec4 4007062658, 0, 32;
    %concati/vec4 3926452074, 0, 32;
    %concati/vec4 3836273092, 0, 32;
    %concati/vec4 3736918930, 0, 32;
    %concati/vec4 3628520666, 0, 32;
    %concati/vec4 3511471518, 0, 32;
    %concati/vec4 3385902562, 0, 32;
    %concati/vec4 3252075950, 0, 32;
    %concati/vec4 3110515972, 0, 32;
    %concati/vec4 2961484778, 0, 32;
    %concati/vec4 2805375590, 0, 32;
    %concati/vec4 2642319486, 0, 32;
    %concati/vec4 2473102904, 0, 32;
    %concati/vec4 2297725852, 0, 32;
    %concati/vec4 4233949528, 0, 33;
    %concati/vec4 3861961448, 0, 32;
    %concati/vec4 3481060332, 0, 32;
    %concati/vec4 3091508348, 0, 32;
    %concati/vec4 2694354080, 0, 32;
    %concati/vec4 2290908264, 0, 32;
    %concati/vec4 3763914696, 0, 33;
    %concati/vec4 2937099840, 0, 32;
    %concati/vec4 4205889728, 0, 33;
    %concati/vec4 2527093888, 0, 32;
    %concati/vec4 3372220479, 0, 34;
    %concati/vec4 3707353334, 0, 34;
    %concati/vec4 2532537584, 0, 32;
    %concati/vec4 2883219924, 0, 33;
    %concati/vec4 4147658527, 0, 34;
    %concati/vec4 2936485614, 0, 32;
    %concati/vec4 4007052990, 0, 32;
    %concati/vec4 3601272463, 0, 32;
    %concati/vec4 4243610818, 0, 33;
    %concati/vec4 3835913018, 0, 35;
    %concati/vec4 3282747625, 0, 33;
    %concati/vec4 3190995846, 0, 32;
    %concati/vec4 3101996620, 0, 32;
    %concati/vec4 3015815489, 0, 32;
    %concati/vec4 2932714597, 0, 32;
    %concati/vec4 2852890558, 0, 32;
    %concati/vec4 2776539981, 0, 32;
    %concati/vec4 2703859477, 0, 32;
    %concati/vec4 2635045656, 0, 32;
    %concati/vec4 2570164058, 0, 32;
    %concati/vec4 2509476829, 0, 32;
    %concati/vec4 2453115042, 0, 32;
    %concati/vec4 2401144236, 0, 32;
    %concati/vec4 2353761020, 0, 32;
    %concati/vec4 2311030933, 0, 32;
    %concati/vec4 2273085047, 0, 32;
    %concati/vec4 2240054436, 0, 32;
    %concati/vec4 2211939101, 0, 32;
    %concati/vec4 2188870115, 0, 32;
    %concati/vec4 2170847479, 0, 32;
    %concati/vec4 2157936730, 0, 32;
    %concati/vec4 2150137867, 0, 32;
    %concati/vec4 2147581963, 0, 32;
    %concati/vec4 2150137946, 0, 32;
    %concati/vec4 2157936887, 0, 32;
    %concati/vec4 2170847715, 0, 32;
    %concati/vec4 2188870429, 0, 32;
    %concati/vec4 2211939492, 0, 32;
    %concati/vec4 2240054903, 0, 32;
    %concati/vec4 2273085589, 0, 32;
    %concati/vec4 2311031548, 0, 32;
    %concati/vec4 2353761708, 0, 32;
    %concati/vec4 2401144994, 0, 32;
    %concati/vec4 2453115869, 0, 32;
    %concati/vec4 2509477722, 0, 32;
    %concati/vec4 2570165016, 0, 32;
    %concati/vec4 2635046677, 0, 32;
    %concati/vec4 2703860557, 0, 32;
    %concati/vec4 2776541118, 0, 32;
    %concati/vec4 2852891749, 0, 32;
    %concati/vec4 2932715841, 0, 32;
    %concati/vec4 3015816780, 0, 32;
    %concati/vec4 3101997958, 0, 32;
    %concati/vec4 3190997225, 0, 32;
    %concati/vec4 3282749044, 0, 32;
    %concati/vec4 3376860193, 0, 32;
    %concati/vec4 3473265135, 0, 32;
    %concati/vec4 3571570650, 0, 32;
    %concati/vec4 3671645661, 0, 32;
    %concati/vec4 3773228021, 0, 32;
    %concati/vec4 3876055582, 0, 32;
    %concati/vec4 3979931733, 0, 32;
    %concati/vec4 4084528790, 0, 32;
    %store/vec4 v0x56213fd28a00_0, 0, 4096;
    %end;
    .thread T_0;
    .scope S_0x56213fcfd190;
T_1 ;
    %wait E_0x56213fd06ca0;
    %load/vec4 v0x56213fd28860_0;
    %flag_set/vec4 8;
    %jmp/0xz  T_1.0, 8;
    %pushi/vec4 0, 0, 8;
    %assign/vec4 v0x56213fd28ac0_0, 0;
    %jmp T_1.1;
T_1.0 ;
    %load/vec4 v0x56213fd28ac0_0;
    %addi 1, 0, 8;
    %assign/vec4 v0x56213fd28ac0_0, 0;
T_1.1 ;
    %jmp T_1;
    .thread T_1;
# The file index is used to find the file name in the following table.
:file_names 3;
    "N/A";
    "<interactive>";
    "count.v";
