Reading OpenROAD database at '/home/lroot/count/runs/RUN_2025-02-20_02-26-26/24-openroad-ioplacement/counter_8bit.odb'…
Reading library file at '/home/lroot/.volare/volare/sky130/versions/0fe599b2afb6708d281543108caf8310912f54af/sky130A/libs.ref/sky130_fd_sc_hd/lib/sky130_fd_sc_hd__tt_025C_1v80.lib'…
Reading design constraints file at '/nix/store/1713bzlk8w8z17prigcs0xh0ha523ii5-python3-3.11.9-env/lib/python3.11/site-packages/openlane/scripts/base.sdc'…
[INFO] Using clock clk…
[INFO] Setting output delay to: 2
[INFO] Setting input delay to: 2
[INFO] Setting load to: 0.033442
[INFO] Setting clock uncertainty to: 0.25
[INFO] Setting clock transition to: 0.1499999999999999944488848768742172978818416595458984375
[INFO] Setting timing derate to: 5%
[INFO] Setting RC values…
[INFO] Setting signal min routing layer to: met1 and clock min routing layer to met1. 
[INFO] Setting signal max routing layer to: met5 and clock max routing layer to met5. 
+ global_placement -density 0.633116 -timing_driven -routability_driven -pad_right 0 -pad_left 0 -init_wirelength_coef 0.25
[INFO GPL-0002] DBU: 1000
[INFO GPL-0003] SiteSize: (  0.460  2.720 ) um
[INFO GPL-0004] CoreBBox: (  5.520 10.880 ) ( 92.000 95.200 ) um
[INFO GPL-0006] NumInstances:               576
[INFO GPL-0007] NumPlaceInstances:          415
[INFO GPL-0008] NumFixedInstances:          161
[INFO GPL-0009] NumDummyInstances:            0
[INFO GPL-0010] NumNets:                    417
[INFO GPL-0011] NumPins:                   1725
[INFO GPL-0012] DieBBox:  (  0.000  0.000 ) ( 97.800 108.520 ) um
[INFO GPL-0013] CoreBBox: (  5.520 10.880 ) ( 92.000 95.200 ) um
[INFO GPL-0016] CoreArea:              7291.994 um^2
[INFO GPL-0017] NonPlaceInstsArea:      356.592 um^2
[INFO GPL-0018] PlaceInstsArea:        3763.610 um^2
[INFO GPL-0019] Util:                    54.267 %
[INFO GPL-0020] StdInstsArea:          3763.610 um^2
[INFO GPL-0021] MacroInstsArea:           0.000 um^2
[InitialPlace]  Iter: 1 CG residual: 0.00000010 HPWL: 11930278
[InitialPlace]  Iter: 2 CG residual: 0.00000006 HPWL: 4347124
[InitialPlace]  Iter: 3 CG residual: 0.00000012 HPWL: 4310407
[InitialPlace]  Iter: 4 CG residual: 0.00000007 HPWL: 4325310
[InitialPlace]  Iter: 5 CG residual: 0.00000011 HPWL: 4311114
[INFO GPL-0031] FillerInit:NumGCells:       486
[INFO GPL-0032] FillerInit:NumGNets:        417
[INFO GPL-0033] FillerInit:NumGPins:       1725
[INFO GPL-0023] TargetDensity:            0.633
[INFO GPL-0024] AvrgPlaceInstArea:        9.069 um^2
[INFO GPL-0025] IdealBinArea:            14.324 um^2
[INFO GPL-0026] IdealBinCnt:                509
[INFO GPL-0027] TotalBinArea:          7291.994 um^2
[INFO GPL-0028] BinCnt:        16     16
[INFO GPL-0029] BinSize: (  5.405  5.270 )
[INFO GPL-0030] NumBins: 256
[NesterovSolve] Iter:    1 overflow: 0.930 HPWL: 2108684
[NesterovSolve] Iter:   10 overflow: 0.862 HPWL: 2977285
[NesterovSolve] Iter:   20 overflow: 0.857 HPWL: 2974161
[NesterovSolve] Iter:   30 overflow: 0.857 HPWL: 2989494
[NesterovSolve] Iter:   40 overflow: 0.855 HPWL: 3002162
[NesterovSolve] Iter:   50 overflow: 0.856 HPWL: 3009136
[NesterovSolve] Iter:   60 overflow: 0.855 HPWL: 3011448
[NesterovSolve] Iter:   70 overflow: 0.855 HPWL: 3014505
[NesterovSolve] Iter:   80 overflow: 0.855 HPWL: 3013512
[NesterovSolve] Iter:   90 overflow: 0.856 HPWL: 3014051
[NesterovSolve] Iter:  100 overflow: 0.855 HPWL: 3017032
[NesterovSolve] Iter:  110 overflow: 0.853 HPWL: 3025726
[NesterovSolve] Iter:  120 overflow: 0.851 HPWL: 3042820
[NesterovSolve] Iter:  130 overflow: 0.847 HPWL: 3069864
[NesterovSolve] Iter:  140 overflow: 0.844 HPWL: 3108832
[NesterovSolve] Iter:  150 overflow: 0.839 HPWL: 3170547
[NesterovSolve] Iter:  160 overflow: 0.833 HPWL: 3266447
[NesterovSolve] Iter:  170 overflow: 0.824 HPWL: 3413408
[NesterovSolve] Iter:  180 overflow: 0.809 HPWL: 3631884
[NesterovSolve] Iter:  190 overflow: 0.796 HPWL: 3911296
[INFO GPL-0100] Timing-driven: executing resizer for reweighting nets.
[INFO GPL-0101] Timing-driven: worst slack 4.74e-09
[INFO GPL-0103] Timing-driven: weighted 41 nets.
[NesterovSolve] Iter:  200 overflow: 0.772 HPWL: 4267621
[NesterovSolve] Iter:  210 overflow: 0.744 HPWL: 4599429
[NesterovSolve] Iter:  220 overflow: 0.712 HPWL: 4932908
[NesterovSolve] Iter:  230 overflow: 0.679 HPWL: 5352562
[NesterovSolve] Iter:  240 overflow: 0.640 HPWL: 5709413
[INFO GPL-0100] Timing-driven: executing resizer for reweighting nets.
[INFO GPL-0101] Timing-driven: worst slack 4.83e-09
[INFO GPL-0103] Timing-driven: weighted 39 nets.
[NesterovSolve] Iter:  250 overflow: 0.597 HPWL: 6121426
[NesterovSolve] Snapshot saved at iter = 249
[NesterovSolve] Iter:  260 overflow: 0.553 HPWL: 6514589
[NesterovSolve] Iter:  270 overflow: 0.507 HPWL: 6962416
[INFO GPL-0100] Timing-driven: executing resizer for reweighting nets.
[INFO GPL-0101] Timing-driven: worst slack 4.79e-09
[INFO GPL-0103] Timing-driven: weighted 40 nets.
[NesterovSolve] Iter:  280 overflow: 0.449 HPWL: 7402121
[NesterovSolve] Iter:  290 overflow: 0.388 HPWL: 7732776
[NesterovSolve] Iter:  300 overflow: 0.321 HPWL: 8086516
[INFO GPL-0075] Routability numCall: 1 inflationIterCnt: 1 bloatIterCnt: 0
[INFO GPL-0036] TileBBox: (    0    0 ) ( 6900 6900 ) DBU
[INFO GPL-0038] TileCnt:      14   15
[INFO GPL-0040] NumTiles: 210
[INFO GPL-0081] TotalRouteOverflow: 0.019809484481811523
[INFO GPL-0082] OverflowTileCnt: 2
[INFO GPL-0083] 0.5%RC: 1.0099047422409058
[INFO GPL-0084] 1.0%RC: 1.0043072899182637
[INFO GPL-0085] 2.0%RC: 0.9934662699699401
[INFO GPL-0086] 5.0%RC: 0.9587360295382413
[INFO GPL-0087] FinalRC: 1.0071061
[INFO GPL-0077] FinalRC lower than targetRC(1.01), routability not needed.
[INFO GPL-0100] Timing-driven: executing resizer for reweighting nets.
[INFO GPL-0101] Timing-driven: worst slack 4.68e-09
[INFO GPL-0103] Timing-driven: weighted 41 nets.
[NesterovSolve] Iter:  310 overflow: 0.267 HPWL: 8343597
[NesterovSolve] Iter:  320 overflow: 0.219 HPWL: 8610796
[INFO GPL-0100] Timing-driven: executing resizer for reweighting nets.
[INFO GPL-0101] Timing-driven: worst slack 4.91e-09
[INFO GPL-0103] Timing-driven: weighted 40 nets.
[NesterovSolve] Iter:  330 overflow: 0.183 HPWL: 8774969
[NesterovSolve] Iter:  340 overflow: 0.155 HPWL: 8906685
[INFO GPL-0100] Timing-driven: executing resizer for reweighting nets.
[INFO GPL-0101] Timing-driven: worst slack 4.75e-09
[INFO GPL-0103] Timing-driven: weighted 38 nets.
[NesterovSolve] Iter:  350 overflow: 0.131 HPWL: 9025590
[NesterovSolve] Iter:  360 overflow: 0.108 HPWL: 9106811
[NesterovSolve] Finished with Overflow: 0.099972
[INFO] Setting RC values…
Setting global connections for newly added cells…
[INFO] Setting global connections...
Updating metrics…
Cell type report:                       Count       Area
  Fill cell                                62     232.72
  Tap cell                                 99     123.87
  Inverter                                 18      67.56
  Sequential cell                           8     210.20
  Multi-Input combinational cell          389    3485.84
  Total                                   576    4120.20
Writing OpenROAD database to '/home/lroot/count/runs/RUN_2025-02-20_02-26-26/27-openroad-globalplacement/counter_8bit.odb'…
Writing netlist to '/home/lroot/count/runs/RUN_2025-02-20_02-26-26/27-openroad-globalplacement/counter_8bit.nl.v'…
Writing powered netlist to '/home/lroot/count/runs/RUN_2025-02-20_02-26-26/27-openroad-globalplacement/counter_8bit.pnl.v'…
Writing layout to '/home/lroot/count/runs/RUN_2025-02-20_02-26-26/27-openroad-globalplacement/counter_8bit.def'…
Writing timing constraints to '/home/lroot/count/runs/RUN_2025-02-20_02-26-26/27-openroad-globalplacement/counter_8bit.sdc'…
