Clock: clk
Sources: clk 
Generated: no
Virtual: yes
Propagated: no
Period: 10.000000

===========================================================================
report_clock_properties
============================================================================
Clock                   Period          Waveform
----------------------------------------------------
clk                  10.000000    0.000000  5.000000

===========================================================================
report_clock_latency
============================================================================
Clock clk
rise -> rise
    min     max
0.000000 0.000000 source latency
0.278588         network latency _802_/CLK
        0.281154 network latency _801_/CLK
---------------
0.278588 0.281154 latency
        0.002566 skew

fall -> fall
    min     max
0.000000 0.000000 source latency
0.284602         network latency _802_/CLK
        0.286776 network latency _801_/CLK
---------------
0.284602 0.286776 latency
        0.002174 skew



===========================================================================
report_clock_min_period
============================================================================
clk period_min = 2.12 fmax = 472.28
