Reading OpenROAD database at '/home/lroot/count/runs/RUN_2025-02-20_02-26-26/31-openroad-repairdesignpostgpl/counter_8bit.odb'…
Reading library file at '/home/lroot/.volare/volare/sky130/versions/0fe599b2afb6708d281543108caf8310912f54af/sky130A/libs.ref/sky130_fd_sc_hd/lib/sky130_fd_sc_hd__tt_025C_1v80.lib'…
Reading design constraints file at '/nix/store/1713bzlk8w8z17prigcs0xh0ha523ii5-python3-3.11.9-env/lib/python3.11/site-packages/openlane/scripts/base.sdc'…
[INFO] Using clock clk…
[INFO] Setting output delay to: 2
[INFO] Setting input delay to: 2
[INFO] Setting load to: 0.033442
[INFO] Setting clock uncertainty to: 0.25
[INFO] Setting clock transition to: 0.1499999999999999944488848768742172978818416595458984375
[INFO] Setting timing derate to: 5%
Placement Analysis
---------------------------------
total displacement          0.0 u
average displacement        0.0 u
max displacement            0.0 u
original HPWL           12208.3 u
legalized HPWL          12521.2 u
delta HPWL                    3 %

[INFO DPL-0020] Mirrored 211 instances
[INFO DPL-0021] HPWL before           12521.2 u
[INFO DPL-0022] HPWL after            12208.3 u
[INFO DPL-0023] HPWL delta               -2.5 %
Setting global connections for newly added cells…
[INFO] Setting global connections...
Updating metrics…
Cell type report:                       Count       Area
  Fill cell                                62     232.72
  Tap cell                                 99     123.87
  Timing Repair Buffer                     72     427.91
  Inverter                                 18      67.56
  Sequential cell                           8     205.20
  Multi-Input combinational cell          389    2999.13
  Total                                   648    4056.39
Writing OpenROAD database to '/home/lroot/count/runs/RUN_2025-02-20_02-26-26/33-openroad-detailedplacement/counter_8bit.odb'…
Writing netlist to '/home/lroot/count/runs/RUN_2025-02-20_02-26-26/33-openroad-detailedplacement/counter_8bit.nl.v'…
Writing powered netlist to '/home/lroot/count/runs/RUN_2025-02-20_02-26-26/33-openroad-detailedplacement/counter_8bit.pnl.v'…
Writing layout to '/home/lroot/count/runs/RUN_2025-02-20_02-26-26/33-openroad-detailedplacement/counter_8bit.def'…
Writing timing constraints to '/home/lroot/count/runs/RUN_2025-02-20_02-26-26/33-openroad-detailedplacement/counter_8bit.sdc'…
