Clock: clk
Sources: clk 
Generated: no
Virtual: yes
Propagated: no
Period: 10.000000

===========================================================================
report_clock_properties
============================================================================
Clock                   Period          Waveform
----------------------------------------------------
clk                  10.000000    0.000000  5.000000

===========================================================================
report_clock_latency
============================================================================
Clock clk
rise -> rise
    min     max
0.000000 0.000000 source latency
0.195966         network latency _802_/CLK
        0.198423 network latency _801_/CLK
---------------
0.195966 0.198423 latency
        0.002456 skew

fall -> fall
    min     max
0.000000 0.000000 source latency
0.195064         network latency _802_/CLK
        0.197203 network latency _801_/CLK
---------------
0.195064 0.197203 latency
        0.002139 skew



===========================================================================
report_clock_min_period
============================================================================
clk period_min = 1.55 fmax = 643.54
