
===========================================================================
report_checks -unconstrained
===========================================================================
======================= max_ss_100C_1v60 Corner ===================================

Startpoint: rst (input port clocked by clk)
Endpoint: _800_ (recovery check against rising-edge clock clk)
Path Group: asynchronous
Path Type: max

Fanout         Cap        Slew       Delay        Time   Description
---------------------------------------------------------------------------------------------
                                  0.000000    0.000000   clock clk (rise edge)
                                  0.000000    0.000000   clock network delay (propagated)
                                  2.000000    2.000000 v input external delay
     1    0.002559    0.017542    0.008516    2.008516 v rst (in)
                                                         rst (net)
                      0.017542    0.000000    2.008516 v input1/A (sky130_fd_sc_hd__clkbuf_4)
     8    0.041967    0.163359    0.318986    2.327502 v input1/X (sky130_fd_sc_hd__clkbuf_4)
                                                         net1 (net)
                      0.163378    0.001826    2.329327 v _792_/A (sky130_fd_sc_hd__inv_2)
     1    0.004966    0.065764    0.115871    2.445199 ^ _792_/Y (sky130_fd_sc_hd__inv_2)
                                                         _010_ (net)
                      0.065764    0.000267    2.445466 ^ _800_/RESET_B (sky130_fd_sc_hd__dfrtp_2)
                                              2.445466   data arrival time

                                 10.000000   10.000000   clock clk (rise edge)
                                  0.000000   10.000000   clock source latency
     1    0.010791    0.086578    0.056521   10.056521 ^ clk (in)
                                                         clk (net)
                      0.086583    0.000000   10.056521 ^ clkbuf_0_clk/A (sky130_fd_sc_hd__clkbuf_16)
     2    0.021618    0.069446    0.231038   10.287560 ^ clkbuf_0_clk/X (sky130_fd_sc_hd__clkbuf_16)
                                                         clknet_0_clk (net)
                      0.069470    0.001324   10.288884 ^ clkbuf_1_0__f_clk/A (sky130_fd_sc_hd__clkbuf_16)
     4    0.013319    0.059116    0.211737   10.500621 ^ clkbuf_1_0__f_clk/X (sky130_fd_sc_hd__clkbuf_16)
                                                         clknet_1_0__leaf_clk (net)
                      0.059116    0.000616   10.501238 ^ _800_/CLK (sky130_fd_sc_hd__dfrtp_2)
                                 -0.250000   10.251238   clock uncertainty
                                  0.000000   10.251238   clock reconvergence pessimism
                                  0.442733   10.693971   library recovery time
                                             10.693971   data required time
---------------------------------------------------------------------------------------------
                                             10.693971   data required time
                                             -2.445466   data arrival time
---------------------------------------------------------------------------------------------
                                              8.248505   slack (MET)


Startpoint: _802_ (rising edge-triggered flip-flop clocked by clk)
Endpoint: sine_out[11] (output port clocked by clk)
Path Group: clk
Path Type: max

Fanout         Cap        Slew       Delay        Time   Description
---------------------------------------------------------------------------------------------
                                  0.000000    0.000000   clock clk (rise edge)
                                  0.000000    0.000000   clock source latency
     1    0.010791    0.086578    0.056521    0.056521 ^ clk (in)
                                                         clk (net)
                      0.086583    0.000000    0.056521 ^ clkbuf_0_clk/A (sky130_fd_sc_hd__clkbuf_16)
     2    0.021618    0.069446    0.231039    0.287560 ^ clkbuf_0_clk/X (sky130_fd_sc_hd__clkbuf_16)
                                                         clknet_0_clk (net)
                      0.069470    0.001319    0.288879 ^ clkbuf_1_1__f_clk/A (sky130_fd_sc_hd__clkbuf_16)
     4    0.010140    0.055107    0.207274    0.496153 ^ clkbuf_1_1__f_clk/X (sky130_fd_sc_hd__clkbuf_16)
                                                         clknet_1_1__leaf_clk (net)
                      0.055108    0.000386    0.496539 ^ _802_/CLK (sky130_fd_sc_hd__dfrtp_1)
     1    0.002730    0.077725    0.626912    1.123452 ^ _802_/Q (sky130_fd_sc_hd__dfrtp_1)
                                                         tcount[4] (net)
                      0.077725    0.000198    1.123650 ^ fanout44/A (sky130_fd_sc_hd__dlymetal6s2s_1)
     5    0.029899    0.470587    0.450654    1.574304 ^ fanout44/X (sky130_fd_sc_hd__dlymetal6s2s_1)
                                                         net44 (net)
                      0.470592    0.001205    1.575509 ^ fanout39/A (sky130_fd_sc_hd__dlymetal6s2s_1)
     5    0.028806    0.455415    0.586674    2.162183 ^ fanout39/X (sky130_fd_sc_hd__dlymetal6s2s_1)
                                                         net39 (net)
                      0.455415    0.001753    2.163936 ^ fanout38/A (sky130_fd_sc_hd__buf_2)
    10    0.044369    0.348632    0.556902    2.720838 ^ fanout38/X (sky130_fd_sc_hd__buf_2)
                                                         net38 (net)
                      0.348678    0.004032    2.724870 ^ _394_/A (sky130_fd_sc_hd__inv_2)
     1    0.003448    0.066825    0.127142    2.852012 v _394_/Y (sky130_fd_sc_hd__inv_2)
                                                         _338_ (net)
                      0.066825    0.000201    2.852213 v fanout29/A (sky130_fd_sc_hd__buf_2)
    10    0.047567    0.218976    0.382344    3.234557 v fanout29/X (sky130_fd_sc_hd__buf_2)
                                                         net29 (net)
                      0.219220    0.006522    3.241079 v fanout28/A (sky130_fd_sc_hd__buf_2)
    10    0.044678    0.207637    0.446210    3.687289 v fanout28/X (sky130_fd_sc_hd__buf_2)
                                                         net28 (net)
                      0.207769    0.004842    3.692131 v fanout27/A (sky130_fd_sc_hd__clkbuf_2)
    10    0.036368    0.255308    0.410910    4.103042 v fanout27/X (sky130_fd_sc_hd__clkbuf_2)
                                                         net27 (net)
                      0.255327    0.002359    4.105401 v _738_/A (sky130_fd_sc_hd__or2_1)
     2    0.017550    0.219071    0.713929    4.819330 v _738_/X (sky130_fd_sc_hd__or2_1)
                                                         _294_ (net)
                      0.219073    0.001112    4.820441 v _748_/B (sky130_fd_sc_hd__or3b_1)
     1    0.003206    0.140798    0.859764    5.680205 v _748_/X (sky130_fd_sc_hd__or3b_1)
                                                         _303_ (net)
                      0.140798    0.000130    5.680336 v _751_/A2 (sky130_fd_sc_hd__a311o_1)
     2    0.011858    0.175890    0.708944    6.389279 v _751_/X (sky130_fd_sc_hd__a311o_1)
                                                         _306_ (net)
                      0.175890    0.000758    6.390037 v _760_/A1 (sky130_fd_sc_hd__a21oi_1)
     1    0.004086    0.205283    0.276364    6.666401 ^ _760_/Y (sky130_fd_sc_hd__a21oi_1)
                                                         _315_ (net)
                      0.205283    0.000258    6.666659 ^ _761_/B1 (sky130_fd_sc_hd__a31o_1)
     1    0.003746    0.094614    0.230298    6.896957 ^ _761_/X (sky130_fd_sc_hd__a31o_1)
                                                         net4 (net)
                      0.094614    0.000226    6.897183 ^ output4/A (sky130_fd_sc_hd__buf_2)
     1    0.034266    0.272371    0.354240    7.251423 ^ output4/X (sky130_fd_sc_hd__buf_2)
                                                         sine_out[11] (net)
                      0.272376    0.001652    7.253075 ^ sine_out[11] (out)
                                              7.253075   data arrival time

                                 10.000000   10.000000   clock clk (rise edge)
                                  0.000000   10.000000   clock network delay (propagated)
                                 -0.250000    9.750000   clock uncertainty
                                  0.000000    9.750000   clock reconvergence pessimism
                                 -2.000000    7.750000   output external delay
                                              7.750000   data required time
---------------------------------------------------------------------------------------------
                                              7.750000   data required time
                                             -7.253075   data arrival time
---------------------------------------------------------------------------------------------
                                              0.496925   slack (MET)




===========================================================================
report_checks --slack_max -0.01
============================================================================
======================= max_ss_100C_1v60 Corner ===================================

No paths found.


===========================================================================
 report_check_types -max_slew -max_cap -max_fanout -violators
============================================================================
======================= max_ss_100C_1v60 Corner ===================================

max slew

Pin                                        Limit        Slew       Slack
------------------------------------------------------------------------
_763_/A1                                0.750000    0.912727   -0.162727 (VIOLATED)
_684_/B                                 0.750000    0.912725   -0.162725 (VIOLATED)
_493_/A                                 0.750000    0.912719   -0.162719 (VIOLATED)
_523_/A1                                0.750000    0.912719   -0.162719 (VIOLATED)
_571_/B                                 0.750000    0.912717   -0.162717 (VIOLATED)
_522_/A                                 0.750000    0.912715   -0.162715 (VIOLATED)
_538_/A2                                0.750000    0.912715   -0.162715 (VIOLATED)
_731_/B1                                0.750000    0.912709   -0.162710 (VIOLATED)
_407_/Y                                 0.750000    0.912696   -0.162696 (VIOLATED)
_587_/A2                                0.750000    0.843460   -0.093460 (VIOLATED)
_530_/A3                                0.750000    0.843454   -0.093454 (VIOLATED)
_574_/C                                 0.750000    0.843448   -0.093448 (VIOLATED)
_559_/A2                                0.750000    0.843427   -0.093427 (VIOLATED)
_692_/A3                                0.750000    0.843413   -0.093413 (VIOLATED)
_763_/A2                                0.750000    0.843405   -0.093405 (VIOLATED)
_478_/C                                 0.750000    0.843403   -0.093403 (VIOLATED)
_684_/C                                 0.750000    0.843394   -0.093394 (VIOLATED)
_421_/Y                                 0.750000    0.843385   -0.093385 (VIOLATED)
_489_/A2                                0.750000    0.835871   -0.085871 (VIOLATED)
_440_/D                                 0.750000    0.835870   -0.085870 (VIOLATED)
_678_/C                                 0.750000    0.835870   -0.085870 (VIOLATED)
_537_/A2                                0.750000    0.835868   -0.085868 (VIOLATED)
_530_/B1                                0.750000    0.835867   -0.085867 (VIOLATED)
_623_/B                                 0.750000    0.835866   -0.085866 (VIOLATED)
_438_/Y                                 0.750000    0.835864   -0.085864 (VIOLATED)
_573_/A2                                0.750000    0.785868   -0.035868 (VIOLATED)
_568_/A2                                0.750000    0.785867   -0.035867 (VIOLATED)
_589_/B                                 0.750000    0.785858   -0.035858 (VIOLATED)
_734_/B                                 0.750000    0.785857   -0.035857 (VIOLATED)
_461_/Y                                 0.750000    0.785854   -0.035854 (VIOLATED)
_539_/A2                                0.750000    0.785854   -0.035854 (VIOLATED)
_597_/A2                                0.750000    0.775971   -0.025971 (VIOLATED)
_562_/B1                                0.750000    0.775971   -0.025971 (VIOLATED)
_527_/A                                 0.750000    0.775967   -0.025967 (VIOLATED)
_569_/B                                 0.750000    0.775961   -0.025961 (VIOLATED)
_481_/C                                 0.750000    0.775947   -0.025947 (VIOLATED)
_480_/B                                 0.750000    0.775946   -0.025946 (VIOLATED)
_682_/A1                                0.750000    0.775946   -0.025946 (VIOLATED)
_479_/Y                                 0.750000    0.775944   -0.025944 (VIOLATED)



===========================================================================
report_parasitic_annotation -report_unannotated
============================================================================
Found 0 unannotated drivers.
Found 0 partially unannotated drivers.

===========================================================================
max slew violation count 39
max fanout violation count 0
max cap violation count 0
============================================================================

===========================================================================
check_setup -verbose -unconstrained_endpoints -multiple_clock -no_clock -no_input_delay -loops -generated_clocks
===========================================================================
