
===========================================================================
report_checks -unconstrained
===========================================================================
======================= nom_tt_025C_1v80 Corner ===================================

Startpoint: rst (input port clocked by clk)
Endpoint: _798_ (recovery check against rising-edge clock clk)
Path Group: asynchronous
Path Type: max

Fanout         Cap        Slew       Delay        Time   Description
---------------------------------------------------------------------------------------------
                      0.150000    0.000000    0.000000   clock clk (rise edge)
                                  0.000000    0.000000   clock network delay (ideal)
                                  2.000000    2.000000 v input external delay
     8    0.034208    0.076620    0.054625    2.054625 v rst (in)
                                                         rst (net)
                      0.076620    0.000000    2.054625 v _398_/A (sky130_fd_sc_hd__inv_2)
     1    0.003612    0.032470    0.054714    2.109339 ^ _398_/Y (sky130_fd_sc_hd__inv_2)
                                                         _008_ (net)
                      0.032470    0.000000    2.109339 ^ _798_/RESET_B (sky130_fd_sc_hd__dfrtp_2)
                                              2.109339   data arrival time

                      0.150000   10.000000   10.000000   clock clk (rise edge)
                                  0.000000   10.000000   clock network delay (ideal)
                                 -0.250000    9.750000   clock uncertainty
                                  0.000000    9.750000   clock reconvergence pessimism
                                              9.750000 ^ _798_/CLK (sky130_fd_sc_hd__dfrtp_2)
                                  0.255085   10.005085   library recovery time
                                             10.005085   data required time
---------------------------------------------------------------------------------------------
                                             10.005085   data required time
                                             -2.109339   data arrival time
---------------------------------------------------------------------------------------------
                                              7.895747   slack (MET)


Startpoint: _802_ (rising edge-triggered flip-flop clocked by clk)
Endpoint: sine_out[8] (output port clocked by clk)
Path Group: clk
Path Type: max

Fanout         Cap        Slew       Delay        Time   Description
---------------------------------------------------------------------------------------------
                      0.150000    0.000000    0.000000   clock clk (rise edge)
                                  0.000000    0.000000   clock network delay (ideal)
                      0.150000    0.000000    0.000000 ^ _802_/CLK (sky130_fd_sc_hd__dfrtp_2)
    80    0.236869    1.104670    1.135495    1.135495 ^ _802_/Q (sky130_fd_sc_hd__dfrtp_2)
                                                         tcount[4] (net)
                      1.104670    0.000000    1.135495 ^ _394_/A (sky130_fd_sc_hd__inv_2)
    37    0.080120    0.357625    0.418895    1.554391 v _394_/Y (sky130_fd_sc_hd__inv_2)
                                                         _338_ (net)
                      0.357625    0.000000    1.554391 v _695_/A (sky130_fd_sc_hd__or3_2)
     1    0.002252    0.073683    0.561680    2.116071 v _695_/X (sky130_fd_sc_hd__or3_2)
                                                         _253_ (net)
                      0.073683    0.000000    2.116071 v _706_/A2 (sky130_fd_sc_hd__a31o_2)
     2    0.003543    0.039884    0.238637    2.354708 v _706_/X (sky130_fd_sc_hd__a31o_2)
                                                         _264_ (net)
                      0.039884    0.000000    2.354708 v _710_/C (sky130_fd_sc_hd__or4_2)
     1    0.001290    0.090059    0.582903    2.937611 v _710_/X (sky130_fd_sc_hd__or4_2)
                                                         _268_ (net)
                      0.090059    0.000000    2.937611 v _711_/B1_N (sky130_fd_sc_hd__a21bo_2)
     1    0.033442    0.187201    0.314778    3.252389 ^ _711_/X (sky130_fd_sc_hd__a21bo_2)
                                                         sine_out[8] (net)
                      0.187201    0.000000    3.252389 ^ sine_out[8] (out)
                                              3.252389   data arrival time

                      0.150000   10.000000   10.000000   clock clk (rise edge)
                                  0.000000   10.000000   clock network delay (ideal)
                                 -0.250000    9.750000   clock uncertainty
                                  0.000000    9.750000   clock reconvergence pessimism
                                 -2.000000    7.750000   output external delay
                                              7.750000   data required time
---------------------------------------------------------------------------------------------
                                              7.750000   data required time
                                             -3.252389   data arrival time
---------------------------------------------------------------------------------------------
                                              4.497611   slack (MET)




===========================================================================
report_checks --slack_max -0.01
============================================================================
======================= nom_tt_025C_1v80 Corner ===================================

No paths found.


===========================================================================
 report_check_types -max_slew -max_cap -max_fanout -violators
============================================================================
======================= nom_tt_025C_1v80 Corner ===================================

max slew

Pin                                        Limit        Slew       Slack
------------------------------------------------------------------------
_394_/A                                 0.750000    1.104670   -0.354670 (VIOLATED)
_428_/A                                 0.750000    1.104670   -0.354670 (VIOLATED)
_440_/A                                 0.750000    1.104670   -0.354670 (VIOLATED)
_443_/A                                 0.750000    1.104670   -0.354670 (VIOLATED)
_444_/B                                 0.750000    1.104670   -0.354670 (VIOLATED)
_450_/A1                                0.750000    1.104670   -0.354670 (VIOLATED)
_462_/B1                                0.750000    1.104670   -0.354670 (VIOLATED)
_487_/A1                                0.750000    1.104670   -0.354670 (VIOLATED)
_515_/A1                                0.750000    1.104670   -0.354670 (VIOLATED)
_518_/A                                 0.750000    1.104670   -0.354670 (VIOLATED)
_519_/C1                                0.750000    1.104670   -0.354670 (VIOLATED)
_528_/B1                                0.750000    1.104670   -0.354670 (VIOLATED)
_532_/C1                                0.750000    1.104670   -0.354670 (VIOLATED)
_537_/C1                                0.750000    1.104670   -0.354670 (VIOLATED)
_549_/B1                                0.750000    1.104670   -0.354670 (VIOLATED)
_553_/B1                                0.750000    1.104670   -0.354670 (VIOLATED)
_554_/A1                                0.750000    1.104670   -0.354670 (VIOLATED)
_555_/C1                                0.750000    1.104670   -0.354670 (VIOLATED)
_557_/C1                                0.750000    1.104670   -0.354670 (VIOLATED)
_558_/A                                 0.750000    1.104670   -0.354670 (VIOLATED)
_565_/A                                 0.750000    1.104670   -0.354670 (VIOLATED)
_567_/B1                                0.750000    1.104670   -0.354670 (VIOLATED)
_568_/C1                                0.750000    1.104670   -0.354670 (VIOLATED)
_573_/C1                                0.750000    1.104670   -0.354670 (VIOLATED)
_579_/C1                                0.750000    1.104670   -0.354670 (VIOLATED)
_581_/A                                 0.750000    1.104670   -0.354670 (VIOLATED)
_587_/A1                                0.750000    1.104670   -0.354670 (VIOLATED)
_588_/C1                                0.750000    1.104670   -0.354670 (VIOLATED)
_592_/A                                 0.750000    1.104670   -0.354670 (VIOLATED)
_595_/B1                                0.750000    1.104670   -0.354670 (VIOLATED)
_600_/A1                                0.750000    1.104670   -0.354670 (VIOLATED)
_604_/A1                                0.750000    1.104670   -0.354670 (VIOLATED)
_605_/A                                 0.750000    1.104670   -0.354670 (VIOLATED)
_608_/C1                                0.750000    1.104670   -0.354670 (VIOLATED)
_611_/A1                                0.750000    1.104670   -0.354670 (VIOLATED)
_619_/B1                                0.750000    1.104670   -0.354670 (VIOLATED)
_626_/B2                                0.750000    1.104670   -0.354670 (VIOLATED)
_632_/B1                                0.750000    1.104670   -0.354670 (VIOLATED)
_633_/B1                                0.750000    1.104670   -0.354670 (VIOLATED)
_639_/A1                                0.750000    1.104670   -0.354670 (VIOLATED)
_640_/C1                                0.750000    1.104670   -0.354670 (VIOLATED)
_642_/B1                                0.750000    1.104670   -0.354670 (VIOLATED)
_645_/A1                                0.750000    1.104670   -0.354670 (VIOLATED)
_655_/C1                                0.750000    1.104670   -0.354670 (VIOLATED)
_660_/B2                                0.750000    1.104670   -0.354670 (VIOLATED)
_663_/B2                                0.750000    1.104670   -0.354670 (VIOLATED)
_672_/A                                 0.750000    1.104670   -0.354670 (VIOLATED)
_674_/C1                                0.750000    1.104670   -0.354670 (VIOLATED)
_680_/C1                                0.750000    1.104670   -0.354670 (VIOLATED)
_683_/B1                                0.750000    1.104670   -0.354670 (VIOLATED)
_684_/A                                 0.750000    1.104670   -0.354670 (VIOLATED)
_694_/A1                                0.750000    1.104670   -0.354670 (VIOLATED)
_696_/B1                                0.750000    1.104670   -0.354670 (VIOLATED)
_698_/B1                                0.750000    1.104670   -0.354670 (VIOLATED)
_704_/C1                                0.750000    1.104670   -0.354670 (VIOLATED)
_708_/C1                                0.750000    1.104670   -0.354670 (VIOLATED)
_714_/A1                                0.750000    1.104670   -0.354670 (VIOLATED)
_715_/A1                                0.750000    1.104670   -0.354670 (VIOLATED)
_717_/A1                                0.750000    1.104670   -0.354670 (VIOLATED)
_719_/C1                                0.750000    1.104670   -0.354670 (VIOLATED)
_722_/C1                                0.750000    1.104670   -0.354670 (VIOLATED)
_728_/B1                                0.750000    1.104670   -0.354670 (VIOLATED)
_732_/C1                                0.750000    1.104670   -0.354670 (VIOLATED)
_736_/A1                                0.750000    1.104670   -0.354670 (VIOLATED)
_740_/A                                 0.750000    1.104670   -0.354670 (VIOLATED)
_743_/A                                 0.750000    1.104670   -0.354670 (VIOLATED)
_744_/A                                 0.750000    1.104670   -0.354670 (VIOLATED)
_749_/B1                                0.750000    1.104670   -0.354670 (VIOLATED)
_750_/D1                                0.750000    1.104670   -0.354670 (VIOLATED)
_752_/C1                                0.750000    1.104670   -0.354670 (VIOLATED)
_753_/A                                 0.750000    1.104670   -0.354670 (VIOLATED)
_756_/C1                                0.750000    1.104670   -0.354670 (VIOLATED)
_762_/C1                                0.750000    1.104670   -0.354670 (VIOLATED)
_763_/B1                                0.750000    1.104670   -0.354670 (VIOLATED)
_764_/A2                                0.750000    1.104670   -0.354670 (VIOLATED)
_768_/A1                                0.750000    1.104670   -0.354670 (VIOLATED)
_769_/A1                                0.750000    1.104670   -0.354670 (VIOLATED)
_771_/A                                 0.750000    1.104670   -0.354670 (VIOLATED)
_784_/A                                 0.750000    1.104670   -0.354670 (VIOLATED)
_788_/A2                                0.750000    1.104670   -0.354670 (VIOLATED)
_802_/Q                                 0.750000    1.104670   -0.354670 (VIOLATED)
_395_/A                                 0.750000    1.054374   -0.304374 (VIOLATED)
_415_/B                                 0.750000    1.054374   -0.304374 (VIOLATED)
_416_/B                                 0.750000    1.054374   -0.304374 (VIOLATED)
_419_/B1                                0.750000    1.054374   -0.304374 (VIOLATED)
_422_/B1                                0.750000    1.054374   -0.304374 (VIOLATED)
_432_/A                                 0.750000    1.054374   -0.304374 (VIOLATED)
_433_/A                                 0.750000    1.054374   -0.304374 (VIOLATED)
_434_/A                                 0.750000    1.054374   -0.304374 (VIOLATED)
_437_/B                                 0.750000    1.054374   -0.304374 (VIOLATED)
_438_/A                                 0.750000    1.054374   -0.304374 (VIOLATED)
_442_/A_N                               0.750000    1.054374   -0.304374 (VIOLATED)
_451_/B1_N                              0.750000    1.054374   -0.304374 (VIOLATED)
_452_/B1_N                              0.750000    1.054374   -0.304374 (VIOLATED)
_456_/A                                 0.750000    1.054374   -0.304374 (VIOLATED)
_461_/A                                 0.750000    1.054374   -0.304374 (VIOLATED)
_473_/A                                 0.750000    1.054374   -0.304374 (VIOLATED)
_475_/B1_N                              0.750000    1.054374   -0.304374 (VIOLATED)
_476_/A                                 0.750000    1.054374   -0.304374 (VIOLATED)
_478_/A                                 0.750000    1.054374   -0.304374 (VIOLATED)
_480_/A                                 0.750000    1.054374   -0.304374 (VIOLATED)
_481_/A                                 0.750000    1.054374   -0.304374 (VIOLATED)
_489_/B2                                0.750000    1.054374   -0.304374 (VIOLATED)
_490_/B2                                0.750000    1.054374   -0.304374 (VIOLATED)
_498_/A                                 0.750000    1.054374   -0.304374 (VIOLATED)
_499_/A                                 0.750000    1.054374   -0.304374 (VIOLATED)
_500_/A                                 0.750000    1.054374   -0.304374 (VIOLATED)
_501_/A_N                               0.750000    1.054374   -0.304374 (VIOLATED)
_503_/A2                                0.750000    1.054374   -0.304374 (VIOLATED)
_506_/A                                 0.750000    1.054374   -0.304374 (VIOLATED)
_511_/B1_N                              0.750000    1.054374   -0.304374 (VIOLATED)
_517_/A_N                               0.750000    1.054374   -0.304374 (VIOLATED)
_519_/A1                                0.750000    1.054374   -0.304374 (VIOLATED)
_521_/A                                 0.750000    1.054374   -0.304374 (VIOLATED)
_525_/A                                 0.750000    1.054374   -0.304374 (VIOLATED)
_526_/B1                                0.750000    1.054374   -0.304374 (VIOLATED)
_530_/A1                                0.750000    1.054374   -0.304374 (VIOLATED)
_536_/A                                 0.750000    1.054374   -0.304374 (VIOLATED)
_538_/A1                                0.750000    1.054374   -0.304374 (VIOLATED)
_548_/B1                                0.750000    1.054374   -0.304374 (VIOLATED)
_550_/A1                                0.750000    1.054374   -0.304374 (VIOLATED)
_551_/A                                 0.750000    1.054374   -0.304374 (VIOLATED)
_555_/A1                                0.750000    1.054374   -0.304374 (VIOLATED)
_563_/A                                 0.750000    1.054374   -0.304374 (VIOLATED)
_564_/B                                 0.750000    1.054374   -0.304374 (VIOLATED)
_569_/A                                 0.750000    1.054374   -0.304374 (VIOLATED)
_570_/A                                 0.750000    1.054374   -0.304374 (VIOLATED)
_573_/B2                                0.750000    1.054374   -0.304374 (VIOLATED)
_574_/A                                 0.750000    1.054374   -0.304374 (VIOLATED)
_575_/B                                 0.750000    1.054374   -0.304374 (VIOLATED)
_580_/B1                                0.750000    1.054374   -0.304374 (VIOLATED)
_581_/B                                 0.750000    1.054374   -0.304374 (VIOLATED)
_591_/A1                                0.750000    1.054374   -0.304374 (VIOLATED)
_593_/B1                                0.750000    1.054374   -0.304374 (VIOLATED)
_608_/A1                                0.750000    1.054374   -0.304374 (VIOLATED)
_619_/A2                                0.750000    1.054374   -0.304374 (VIOLATED)
_633_/A1                                0.750000    1.054374   -0.304374 (VIOLATED)
_637_/C1                                0.750000    1.054374   -0.304374 (VIOLATED)
_640_/A1                                0.750000    1.054374   -0.304374 (VIOLATED)
_655_/A1                                0.750000    1.054374   -0.304374 (VIOLATED)
_659_/A1                                0.750000    1.054374   -0.304374 (VIOLATED)
_662_/A1                                0.750000    1.054374   -0.304374 (VIOLATED)
_679_/A1                                0.750000    1.054374   -0.304374 (VIOLATED)
_680_/A1                                0.750000    1.054374   -0.304374 (VIOLATED)
_682_/B1                                0.750000    1.054374   -0.304374 (VIOLATED)
_691_/B                                 0.750000    1.054374   -0.304374 (VIOLATED)
_693_/A                                 0.750000    1.054374   -0.304374 (VIOLATED)
_697_/A1                                0.750000    1.054374   -0.304374 (VIOLATED)
_702_/B                                 0.750000    1.054374   -0.304374 (VIOLATED)
_703_/B1                                0.750000    1.054374   -0.304374 (VIOLATED)
_704_/A1                                0.750000    1.054374   -0.304374 (VIOLATED)
_716_/B2                                0.750000    1.054374   -0.304374 (VIOLATED)
_718_/A                                 0.750000    1.054374   -0.304374 (VIOLATED)
_727_/A1                                0.750000    1.054374   -0.304374 (VIOLATED)
_732_/A1                                0.750000    1.054374   -0.304374 (VIOLATED)
_755_/B1                                0.750000    1.054374   -0.304374 (VIOLATED)
_766_/A1                                0.750000    1.054374   -0.304374 (VIOLATED)
_769_/A2                                0.750000    1.054374   -0.304374 (VIOLATED)
_801_/Q                                 0.750000    1.054374   -0.304374 (VIOLATED)
_407_/A                                 0.750000    0.794158   -0.044158 (VIOLATED)
_408_/A                                 0.750000    0.794158   -0.044158 (VIOLATED)
_409_/B                                 0.750000    0.794158   -0.044158 (VIOLATED)
_410_/B                                 0.750000    0.794158   -0.044158 (VIOLATED)
_411_/A_N                               0.750000    0.794158   -0.044158 (VIOLATED)
_412_/A_N                               0.750000    0.794158   -0.044158 (VIOLATED)
_413_/B                                 0.750000    0.794158   -0.044158 (VIOLATED)
_414_/B                                 0.750000    0.794158   -0.044158 (VIOLATED)
_416_/A_N                               0.750000    0.794158   -0.044158 (VIOLATED)
_417_/A                                 0.750000    0.794158   -0.044158 (VIOLATED)
_418_/A                                 0.750000    0.794158   -0.044158 (VIOLATED)
_421_/B                                 0.750000    0.794158   -0.044158 (VIOLATED)
_422_/A2                                0.750000    0.794158   -0.044158 (VIOLATED)
_424_/A                                 0.750000    0.794158   -0.044158 (VIOLATED)
_425_/B                                 0.750000    0.794158   -0.044158 (VIOLATED)
_426_/C_N                               0.750000    0.794158   -0.044158 (VIOLATED)
_427_/A1                                0.750000    0.794158   -0.044158 (VIOLATED)
_429_/A_N                               0.750000    0.794158   -0.044158 (VIOLATED)
_430_/A_N                               0.750000    0.794158   -0.044158 (VIOLATED)
_431_/A                                 0.750000    0.794158   -0.044158 (VIOLATED)
_432_/B                                 0.750000    0.794158   -0.044158 (VIOLATED)
_433_/B                                 0.750000    0.794158   -0.044158 (VIOLATED)
_435_/A1                                0.750000    0.794158   -0.044158 (VIOLATED)
_438_/C_N                               0.750000    0.794158   -0.044158 (VIOLATED)
_442_/B                                 0.750000    0.794158   -0.044158 (VIOLATED)
_448_/B1_N                              0.750000    0.794158   -0.044158 (VIOLATED)
_451_/A1                                0.750000    0.794158   -0.044158 (VIOLATED)
_452_/A1                                0.750000    0.794158   -0.044158 (VIOLATED)
_459_/B                                 0.750000    0.794158   -0.044158 (VIOLATED)
_468_/B                                 0.750000    0.794158   -0.044158 (VIOLATED)
_469_/A_N                               0.750000    0.794158   -0.044158 (VIOLATED)
_470_/A_N                               0.750000    0.794158   -0.044158 (VIOLATED)
_479_/A                                 0.750000    0.794158   -0.044158 (VIOLATED)
_483_/A1                                0.750000    0.794158   -0.044158 (VIOLATED)
_492_/A                                 0.750000    0.794158   -0.044158 (VIOLATED)
_499_/B                                 0.750000    0.794158   -0.044158 (VIOLATED)
_500_/B                                 0.750000    0.794158   -0.044158 (VIOLATED)
_504_/A1                                0.750000    0.794158   -0.044158 (VIOLATED)
_505_/A1                                0.750000    0.794158   -0.044158 (VIOLATED)
_509_/A1                                0.750000    0.794158   -0.044158 (VIOLATED)
_510_/A1                                0.750000    0.794158   -0.044158 (VIOLATED)
_517_/B                                 0.750000    0.794158   -0.044158 (VIOLATED)
_524_/B                                 0.750000    0.794158   -0.044158 (VIOLATED)
_526_/A2                                0.750000    0.794158   -0.044158 (VIOLATED)
_564_/C                                 0.750000    0.794158   -0.044158 (VIOLATED)
_575_/C                                 0.750000    0.794158   -0.044158 (VIOLATED)
_578_/A                                 0.750000    0.794158   -0.044158 (VIOLATED)
_586_/A1                                0.750000    0.794158   -0.044158 (VIOLATED)
_593_/A2                                0.750000    0.794158   -0.044158 (VIOLATED)
_599_/A1                                0.750000    0.794158   -0.044158 (VIOLATED)
_618_/A1                                0.750000    0.794158   -0.044158 (VIOLATED)
_619_/A3                                0.750000    0.794158   -0.044158 (VIOLATED)
_625_/A1                                0.750000    0.794158   -0.044158 (VIOLATED)
_661_/A1                                0.750000    0.794158   -0.044158 (VIOLATED)
_675_/A                                 0.750000    0.794158   -0.044158 (VIOLATED)
_702_/A_N                               0.750000    0.794158   -0.044158 (VIOLATED)
_731_/A1                                0.750000    0.794158   -0.044158 (VIOLATED)
_766_/B2                                0.750000    0.794158   -0.044158 (VIOLATED)
_800_/Q                                 0.750000    0.794158   -0.044158 (VIOLATED)

max fanout

Pin                                   Limit Fanout  Slack
---------------------------------------------------------
_802_/Q                                  10     80    -70 (VIOLATED)
_801_/Q                                  10     77    -67 (VIOLATED)
_800_/Q                                  10     58    -48 (VIOLATED)
_798_/Q                                  10     47    -37 (VIOLATED)
_799_/Q                                  10     46    -36 (VIOLATED)
_394_/Y                                  10     37    -27 (VIOLATED)
_805_/Q                                  10     23    -13 (VIOLATED)
_395_/Y                                  10     22    -12 (VIOLATED)
_803_/Q                                  10     18     -8 (VIOLATED)
_418_/Y                                  10     14     -4 (VIOLATED)
_403_/Y                                  10     12     -2 (VIOLATED)
_404_/Y                                  10     12     -2 (VIOLATED)
_447_/X                                  10     12     -2 (VIOLATED)
_470_/Y                                  10     12     -2 (VIOLATED)

max capacitance

Pin                                        Limit         Cap       Slack
------------------------------------------------------------------------
_802_/Q                                 0.200000    0.236869   -0.036869 (VIOLATED)
_801_/Q                                 0.200000    0.225965   -0.025965 (VIOLATED)



===========================================================================
report_parasitic_annotation -report_unannotated
============================================================================
Found 417 unannotated drivers.
 clk
 rst
 _391_/Y
 _392_/Y
 _393_/Y
 _394_/Y
 _395_/Y
 _396_/Y
 _397_/Y
 _398_/Y
 _399_/Y
 _400_/X
 _401_/X
 _402_/Y
 _403_/Y
 _404_/Y
 _405_/Y
 _406_/Y
 _407_/Y
 _408_/X
 _409_/X
 _410_/Y
 _411_/X
 _412_/Y
 _413_/X
 _414_/Y
 _415_/Y
 _416_/Y
 _417_/Y
 _418_/Y
 _419_/Y
 _420_/Y
 _421_/Y
 _422_/Y
 _423_/Y
 _424_/Y
 _425_/X
 _426_/X
 _427_/Y
 _428_/Y
 _429_/X
 _430_/Y
 _431_/X
 _432_/X
 _433_/Y
 _434_/Y
 _435_/X
 _436_/Y
 _437_/Y
 _438_/Y
 _439_/Y
 _440_/X
 _441_/Y
 _442_/X
 _443_/Y
 _444_/Y
 _445_/X
 _446_/Y
 _447_/X
 _448_/X
 _449_/Y
 _450_/X
 _451_/X
 _452_/Y
 _453_/Y
 _454_/X
 _455_/Y
 _456_/Y
 _457_/Y
 _458_/Y
 _459_/X
 _460_/X
 _461_/Y
 _462_/Y
 _463_/Y
 _464_/Y
 _465_/Y
 _466_/X
 _467_/X
 _468_/X
 _469_/X
 _470_/Y
 _471_/Y
 _472_/X
 _473_/Y
 _474_/Y
 _475_/X
 _476_/Y
 _477_/Y
 _478_/X
 _479_/Y
 _480_/Y
 _481_/Y
 _482_/X
 _483_/X
 _484_/X
 _485_/Y
 _486_/Y
 _487_/X
 _488_/X
 _489_/Y
 _490_/X
 _491_/Y
 _492_/Y
 _493_/Y
 _494_/X
 _495_/X
 _496_/Y
 _497_/X
 _498_/Y
 _499_/Y
 _500_/X
 _501_/Y
 _502_/Y
 _503_/X
 _504_/X
 _505_/Y
 _506_/Y
 _507_/Y
 _508_/X
 _509_/Y
 _510_/X
 _511_/X
 _512_/Y
 _513_/Y
 _514_/X
 _515_/X
 _516_/X
 _517_/X
 _518_/Y
 _519_/X
 _520_/Y
 _521_/X
 _522_/Y
 _523_/X
 _524_/X
 _525_/Y
 _526_/X
 _527_/X
 _528_/X
 _529_/X
 _530_/X
 _531_/Y
 _532_/X
 _533_/X
 _534_/X
 _535_/Y
 _536_/X
 _537_/X
 _538_/X
 _539_/X
 _540_/Y
 _541_/X
 _542_/Y
 _543_/X
 _544_/X
 _545_/X
 _546_/X
 _547_/Y
 _548_/Y
 _549_/Y
 _550_/X
 _551_/X
 _552_/X
 _553_/Y
 _554_/X
 _555_/X
 _556_/X
 _557_/X
 _558_/Y
 _559_/X
 _560_/Y
 _561_/X
 _562_/Y
 _563_/Y
 _564_/X
 _565_/X
 _566_/X
 _567_/Y
 _568_/X
 _569_/X
 _570_/X
 _571_/X
 _572_/X
 _573_/X
 _574_/X
 _575_/X
 _576_/X
 _577_/X
 _578_/X
 _579_/X
 _580_/X
 _581_/Y
 _582_/X
 _583_/X
 _584_/X
 _585_/X
 _586_/X
 _587_/X
 _588_/X
 _589_/Y
 _590_/X
 _591_/X
 _592_/Y
 _593_/Y
 _594_/Y
 _595_/X
 _596_/X
 _597_/X
 _598_/Y
 _599_/X
 _600_/Y
 _601_/X
 _602_/X
 _603_/X
 _604_/X
 _605_/X
 _606_/X
 _607_/X
 _608_/X
 _609_/X
 _610_/X
 _611_/X
 _612_/X
 _613_/X
 _614_/Y
 _615_/X
 _616_/X
 _617_/Y
 _618_/X
 _619_/X
 _620_/Y
 _621_/Y
 _622_/X
 _623_/Y
 _624_/X
 _625_/X
 _626_/X
 _627_/X
 _628_/Y
 _629_/X
 _630_/Y
 _631_/X
 _632_/Y
 _633_/X
 _634_/X
 _635_/Y
 _636_/X
 _637_/X
 _638_/X
 _639_/X
 _640_/X
 _641_/X
 _642_/Y
 _643_/X
 _644_/X
 _645_/X
 _646_/Y
 _647_/X
 _648_/X
 _649_/X
 _650_/X
 _651_/X
 _652_/Y
 _653_/X
 _654_/Y
 _655_/X
 _656_/Y
 _657_/X
 _658_/X
 _659_/X
 _660_/X
 _661_/X
 _662_/X
 _663_/X
 _664_/X
 _665_/X
 _666_/Y
 _667_/Y
 _668_/X
 _669_/X
 _670_/Y
 _671_/X
 _672_/Y
 _673_/X
 _674_/X
 _675_/Y
 _676_/X
 _677_/X
 _678_/X
 _679_/X
 _680_/X
 _681_/X
 _682_/X
 _683_/Y
 _684_/X
 _685_/X
 _686_/Y
 _687_/X
 _688_/Y
 _689_/X
 _690_/Y
 _691_/X
 _692_/X
 _693_/X
 _694_/Y
 _695_/X
 _696_/X
 _697_/X
 _698_/X
 _699_/X
 _700_/Y
 _701_/Y
 _702_/X
 _703_/Y
 _704_/X
 _705_/X
 _706_/X
 _707_/X
 _708_/X
 _709_/Y
 _710_/X
 _711_/X
 _712_/Y
 _713_/X
 _714_/X
 _715_/X
 _716_/X
 _717_/X
 _718_/Y
 _719_/X
 _720_/X
 _721_/X
 _722_/X
 _723_/X
 _724_/Y
 _725_/X
 _726_/X
 _727_/X
 _728_/X
 _729_/Y
 _730_/X
 _731_/X
 _732_/X
 _733_/X
 _734_/Y
 _735_/Y
 _736_/X
 _737_/Y
 _738_/X
 _739_/X
 _740_/X
 _741_/X
 _742_/X
 _743_/X
 _744_/X
 _745_/X
 _746_/X
 _747_/X
 _748_/X
 _749_/X
 _750_/X
 _751_/X
 _752_/X
 _753_/Y
 _754_/Y
 _755_/X
 _756_/X
 _757_/X
 _758_/Y
 _759_/Y
 _760_/Y
 _761_/X
 _762_/X
 _763_/Y
 _764_/X
 _765_/X
 _766_/X
 _767_/X
 _768_/Y
 _769_/X
 _770_/X
 _771_/X
 _772_/X
 _773_/X
 _774_/X
 _775_/X
 _776_/X
 _777_/X
 _778_/Y
 _779_/X
 _780_/Y
 _781_/Y
 _782_/X
 _783_/Y
 _784_/Y
 _785_/X
 _786_/Y
 _787_/X
 _788_/X
 _789_/X
 _790_/Y
 _791_/Y
 _792_/Y
 _793_/Y
 _794_/Y
 _795_/Y
 _796_/Y
 _797_/Y
 _798_/Q
 _799_/Q
 _800_/Q
 _801_/Q
 _802_/Q
 _803_/Q
 _804_/Q
 _805_/Q
Found 0 partially unannotated drivers.

===========================================================================
max slew violation count 218
max fanout violation count 14
max cap violation count 2
============================================================================

===========================================================================
check_setup -verbose -unconstrained_endpoints -multiple_clock -no_clock -no_input_delay -loops -generated_clocks
===========================================================================
