
===========================================================================
report_checks -path_delay min (Hold)
============================================================================
======================= nom_tt_025C_1v80 Corner ===================================

Startpoint: _803_ (rising edge-triggered flip-flop clocked by clk)
Endpoint: _803_ (rising edge-triggered flip-flop clocked by clk)
Path Group: clk
Path Type: min

Fanout         Cap        Slew       Delay        Time   Description
---------------------------------------------------------------------------------------------
                      0.150000    0.000000    0.000000   clock clk (rise edge)
                                  0.000000    0.000000   clock network delay (ideal)
                      0.150000    0.000000    0.000000 ^ _803_/CLK (sky130_fd_sc_hd__dfrtp_2)
    18    0.062372    0.302643    0.577702    0.577702 ^ _803_/Q (sky130_fd_sc_hd__dfrtp_2)
                                                         tcount[5] (net)
                      0.302643    0.000000    0.577702 ^ _786_/A (sky130_fd_sc_hd__xnor2_2)
     1    0.001949    0.027146    0.097727    0.675430 v _786_/Y (sky130_fd_sc_hd__xnor2_2)
                                                         _005_ (net)
                      0.027146    0.000000    0.675430 v _803_/D (sky130_fd_sc_hd__dfrtp_2)
                                              0.675430   data arrival time

                      0.150000    0.000000    0.000000   clock clk (rise edge)
                                  0.000000    0.000000   clock network delay (ideal)
                                  0.250000    0.250000   clock uncertainty
                                  0.000000    0.250000   clock reconvergence pessimism
                                              0.250000 ^ _803_/CLK (sky130_fd_sc_hd__dfrtp_2)
                                 -0.010903    0.239097   library hold time
                                              0.239097   data required time
---------------------------------------------------------------------------------------------
                                              0.239097   data required time
                                             -0.675430   data arrival time
---------------------------------------------------------------------------------------------
                                              0.436333   slack (MET)


Startpoint: _805_ (rising edge-triggered flip-flop clocked by clk)
Endpoint: _805_ (rising edge-triggered flip-flop clocked by clk)
Path Group: clk
Path Type: min

Fanout         Cap        Slew       Delay        Time   Description
---------------------------------------------------------------------------------------------
                      0.150000    0.000000    0.000000   clock clk (rise edge)
                                  0.000000    0.000000   clock network delay (ideal)
                      0.150000    0.000000    0.000000 ^ _805_/CLK (sky130_fd_sc_hd__dfrtp_2)
    23    0.070049    0.337589    0.602335    0.602335 ^ _805_/Q (sky130_fd_sc_hd__dfrtp_2)
                                                         tcount[7] (net)
                      0.337589    0.000000    0.602335 ^ _790_/A (sky130_fd_sc_hd__xnor2_2)
     1    0.001949    0.025712    0.099884    0.702219 v _790_/Y (sky130_fd_sc_hd__xnor2_2)
                                                         _007_ (net)
                      0.025712    0.000000    0.702219 v _805_/D (sky130_fd_sc_hd__dfrtp_2)
                                              0.702219   data arrival time

                      0.150000    0.000000    0.000000   clock clk (rise edge)
                                  0.000000    0.000000   clock network delay (ideal)
                                  0.250000    0.250000   clock uncertainty
                                  0.000000    0.250000   clock reconvergence pessimism
                                              0.250000 ^ _805_/CLK (sky130_fd_sc_hd__dfrtp_2)
                                 -0.010320    0.239680   library hold time
                                              0.239680   data required time
---------------------------------------------------------------------------------------------
                                              0.239680   data required time
                                             -0.702219   data arrival time
---------------------------------------------------------------------------------------------
                                              0.462539   slack (MET)


Startpoint: _804_ (rising edge-triggered flip-flop clocked by clk)
Endpoint: _804_ (rising edge-triggered flip-flop clocked by clk)
Path Group: clk
Path Type: min

Fanout         Cap        Slew       Delay        Time   Description
---------------------------------------------------------------------------------------------
                      0.150000    0.000000    0.000000   clock clk (rise edge)
                                  0.000000    0.000000   clock network delay (ideal)
                      0.150000    0.000000    0.000000 ^ _804_/CLK (sky130_fd_sc_hd__dfrtp_2)
    10    0.035770    0.181907    0.492000    0.492000 ^ _804_/Q (sky130_fd_sc_hd__dfrtp_2)
                                                         tcount[6] (net)
                      0.181907    0.000000    0.492000 ^ _788_/B1 (sky130_fd_sc_hd__a31o_2)
     1    0.001541    0.030090    0.122094    0.614094 ^ _788_/X (sky130_fd_sc_hd__a31o_2)
                                                         _336_ (net)
                      0.030090    0.000000    0.614094 ^ _789_/B (sky130_fd_sc_hd__and2_2)
     1    0.002005    0.033909    0.118992    0.733086 ^ _789_/X (sky130_fd_sc_hd__and2_2)
                                                         _006_ (net)
                      0.033909    0.000000    0.733086 ^ _804_/D (sky130_fd_sc_hd__dfrtp_2)
                                              0.733086   data arrival time

                      0.150000    0.000000    0.000000   clock clk (rise edge)
                                  0.000000    0.000000   clock network delay (ideal)
                                  0.250000    0.250000   clock uncertainty
                                  0.000000    0.250000   clock reconvergence pessimism
                                              0.250000 ^ _804_/CLK (sky130_fd_sc_hd__dfrtp_2)
                                 -0.018062    0.231938   library hold time
                                              0.231938   data required time
---------------------------------------------------------------------------------------------
                                              0.231938   data required time
                                             -0.733086   data arrival time
---------------------------------------------------------------------------------------------
                                              0.501148   slack (MET)


Startpoint: _798_ (rising edge-triggered flip-flop clocked by clk)
Endpoint: _798_ (rising edge-triggered flip-flop clocked by clk)
Path Group: clk
Path Type: min

Fanout         Cap        Slew       Delay        Time   Description
---------------------------------------------------------------------------------------------
                      0.150000    0.000000    0.000000   clock clk (rise edge)
                                  0.000000    0.000000   clock network delay (ideal)
                      0.150000    0.000000    0.000000 ^ _798_/CLK (sky130_fd_sc_hd__dfrtp_2)
    47    0.132278    0.317768    0.684410    0.684410 v _798_/Q (sky130_fd_sc_hd__dfrtp_2)
                                                         tcount[0] (net)
                      0.317768    0.000000    0.684410 v _391_/A (sky130_fd_sc_hd__inv_2)
     5    0.015967    0.124799    0.188075    0.872485 ^ _391_/Y (sky130_fd_sc_hd__inv_2)
                                                         _000_ (net)
                      0.124799    0.000000    0.872485 ^ _798_/D (sky130_fd_sc_hd__dfrtp_2)
                                              0.872485   data arrival time

                      0.150000    0.000000    0.000000   clock clk (rise edge)
                                  0.000000    0.000000   clock network delay (ideal)
                                  0.250000    0.250000   clock uncertainty
                                  0.000000    0.250000   clock reconvergence pessimism
                                              0.250000 ^ _798_/CLK (sky130_fd_sc_hd__dfrtp_2)
                                 -0.036644    0.213356   library hold time
                                              0.213356   data required time
---------------------------------------------------------------------------------------------
                                              0.213356   data required time
                                             -0.872485   data arrival time
---------------------------------------------------------------------------------------------
                                              0.659128   slack (MET)


Startpoint: _799_ (rising edge-triggered flip-flop clocked by clk)
Endpoint: _800_ (rising edge-triggered flip-flop clocked by clk)
Path Group: clk
Path Type: min

Fanout         Cap        Slew       Delay        Time   Description
---------------------------------------------------------------------------------------------
                      0.150000    0.000000    0.000000   clock clk (rise edge)
                                  0.000000    0.000000   clock network delay (ideal)
                      0.150000    0.000000    0.000000 ^ _799_/CLK (sky130_fd_sc_hd__dfrtp_2)
    46    0.131462    0.315957    0.683041    0.683041 v _799_/Q (sky130_fd_sc_hd__dfrtp_2)
                                                         tcount[1] (net)
                      0.315957    0.000000    0.683041 v _470_/B (sky130_fd_sc_hd__nand3b_2)
    12    0.037743    0.213875    0.321489    1.004530 ^ _470_/Y (sky130_fd_sc_hd__nand3b_2)
                                                         _037_ (net)
                      0.213875    0.000000    1.004530 ^ _471_/B (sky130_fd_sc_hd__nand2_2)
     1    0.001949    0.034487    0.063546    1.068076 v _471_/Y (sky130_fd_sc_hd__nand2_2)
                                                         _002_ (net)
                      0.034487    0.000000    1.068076 v _800_/D (sky130_fd_sc_hd__dfrtp_2)
                                              1.068076   data arrival time

                      0.150000    0.000000    0.000000   clock clk (rise edge)
                                  0.000000    0.000000   clock network delay (ideal)
                                  0.250000    0.250000   clock uncertainty
                                  0.000000    0.250000   clock reconvergence pessimism
                                              0.250000 ^ _800_/CLK (sky130_fd_sc_hd__dfrtp_2)
                                 -0.013888    0.236112   library hold time
                                              0.236112   data required time
---------------------------------------------------------------------------------------------
                                              0.236112   data required time
                                             -1.068076   data arrival time
---------------------------------------------------------------------------------------------
                                              0.831963   slack (MET)


Startpoint: _798_ (rising edge-triggered flip-flop clocked by clk)
Endpoint: _801_ (rising edge-triggered flip-flop clocked by clk)
Path Group: clk
Path Type: min

Fanout         Cap        Slew       Delay        Time   Description
---------------------------------------------------------------------------------------------
                      0.150000    0.000000    0.000000   clock clk (rise edge)
                                  0.000000    0.000000   clock network delay (ideal)
                      0.150000    0.000000    0.000000 ^ _798_/CLK (sky130_fd_sc_hd__dfrtp_2)
    47    0.132278    0.317768    0.684410    0.684410 v _798_/Q (sky130_fd_sc_hd__dfrtp_2)
                                                         tcount[0] (net)
                      0.317768    0.000000    0.684410 v _564_/A (sky130_fd_sc_hd__and4_2)
     4    0.011912    0.058429    0.325575    1.009984 v _564_/X (sky130_fd_sc_hd__and4_2)
                                                         _128_ (net)
                      0.058429    0.000000    1.009984 v _783_/B (sky130_fd_sc_hd__nor2_2)
     1    0.002005    0.054065    0.068089    1.078073 ^ _783_/Y (sky130_fd_sc_hd__nor2_2)
                                                         _003_ (net)
                      0.054065    0.000000    1.078073 ^ _801_/D (sky130_fd_sc_hd__dfrtp_2)
                                              1.078073   data arrival time

                      0.150000    0.000000    0.000000   clock clk (rise edge)
                                  0.000000    0.000000   clock network delay (ideal)
                                  0.250000    0.250000   clock uncertainty
                                  0.000000    0.250000   clock reconvergence pessimism
                                              0.250000 ^ _801_/CLK (sky130_fd_sc_hd__dfrtp_2)
                                 -0.022183    0.227817   library hold time
                                              0.227817   data required time
---------------------------------------------------------------------------------------------
                                              0.227817   data required time
                                             -1.078073   data arrival time
---------------------------------------------------------------------------------------------
                                              0.850256   slack (MET)


Startpoint: _802_ (rising edge-triggered flip-flop clocked by clk)
Endpoint: _802_ (rising edge-triggered flip-flop clocked by clk)
Path Group: clk
Path Type: min

Fanout         Cap        Slew       Delay        Time   Description
---------------------------------------------------------------------------------------------
                      0.150000    0.000000    0.000000   clock clk (rise edge)
                                  0.000000    0.000000   clock network delay (ideal)
                      0.150000    0.000000    0.000000 ^ _802_/CLK (sky130_fd_sc_hd__dfrtp_2)
    80    0.214370    0.499967    0.822100    0.822100 v _802_/Q (sky130_fd_sc_hd__dfrtp_2)
                                                         tcount[4] (net)
                      0.499967    0.000000    0.822100 v _784_/A (sky130_fd_sc_hd__nand2_2)
     3    0.011479    0.078792    0.236316    1.058416 ^ _784_/Y (sky130_fd_sc_hd__nand2_2)
                                                         _334_ (net)
                      0.078792    0.000000    1.058416 ^ _785_/B (sky130_fd_sc_hd__and2_2)
     1    0.002005    0.033868    0.133550    1.191966 ^ _785_/X (sky130_fd_sc_hd__and2_2)
                                                         _004_ (net)
                      0.033868    0.000000    1.191966 ^ _802_/D (sky130_fd_sc_hd__dfrtp_2)
                                              1.191966   data arrival time

                      0.150000    0.000000    0.000000   clock clk (rise edge)
                                  0.000000    0.000000   clock network delay (ideal)
                                  0.250000    0.250000   clock uncertainty
                                  0.000000    0.250000   clock reconvergence pessimism
                                              0.250000 ^ _802_/CLK (sky130_fd_sc_hd__dfrtp_2)
                                 -0.018053    0.231947   library hold time
                                              0.231947   data required time
---------------------------------------------------------------------------------------------
                                              0.231947   data required time
                                             -1.191966   data arrival time
---------------------------------------------------------------------------------------------
                                              0.960020   slack (MET)


Startpoint: _799_ (rising edge-triggered flip-flop clocked by clk)
Endpoint: _799_ (rising edge-triggered flip-flop clocked by clk)
Path Group: clk
Path Type: min

Fanout         Cap        Slew       Delay        Time   Description
---------------------------------------------------------------------------------------------
                      0.150000    0.000000    0.000000   clock clk (rise edge)
                                  0.000000    0.000000   clock network delay (ideal)
                      0.150000    0.000000    0.000000 ^ _799_/CLK (sky130_fd_sc_hd__dfrtp_2)
    46    0.131462    0.315957    0.683041    0.683041 v _799_/Q (sky130_fd_sc_hd__dfrtp_2)
                                                         tcount[1] (net)
                      0.315957    0.000000    0.683041 v _403_/B (sky130_fd_sc_hd__xnor2_2)
    12    0.037790    0.173866    0.333908    1.016949 v _403_/Y (sky130_fd_sc_hd__xnor2_2)
                                                         _346_ (net)
                      0.173866    0.000000    1.016949 v _404_/A (sky130_fd_sc_hd__inv_2)
    12    0.040923    0.194221    0.218410    1.235359 ^ _404_/Y (sky130_fd_sc_hd__inv_2)
                                                         _001_ (net)
                      0.194221    0.000000    1.235359 ^ _799_/D (sky130_fd_sc_hd__dfrtp_2)
                                              1.235359   data arrival time

                      0.150000    0.000000    0.000000   clock clk (rise edge)
                                  0.000000    0.000000   clock network delay (ideal)
                                  0.250000    0.250000   clock uncertainty
                                  0.000000    0.250000   clock reconvergence pessimism
                                              0.250000 ^ _799_/CLK (sky130_fd_sc_hd__dfrtp_2)
                                 -0.050837    0.199163   library hold time
                                              0.199163   data required time
---------------------------------------------------------------------------------------------
                                              0.199163   data required time
                                             -1.235359   data arrival time
---------------------------------------------------------------------------------------------
                                              1.036195   slack (MET)


Startpoint: rst (input port clocked by clk)
Endpoint: _798_ (removal check against rising-edge clock clk)
Path Group: asynchronous
Path Type: min

Fanout         Cap        Slew       Delay        Time   Description
---------------------------------------------------------------------------------------------
                      0.150000    0.000000    0.000000   clock clk (rise edge)
                                  0.000000    0.000000   clock network delay (ideal)
                                  2.000000    2.000000 v input external delay
     8    0.034208    0.076620    0.054625    2.054625 v rst (in)
                                                         rst (net)
                      0.076620    0.000000    2.054625 v _398_/A (sky130_fd_sc_hd__inv_2)
     1    0.003612    0.032470    0.054714    2.109339 ^ _398_/Y (sky130_fd_sc_hd__inv_2)
                                                         _008_ (net)
                      0.032470    0.000000    2.109339 ^ _798_/RESET_B (sky130_fd_sc_hd__dfrtp_2)
                                              2.109339   data arrival time

                      0.150000    0.000000    0.000000   clock clk (rise edge)
                                  0.000000    0.000000   clock network delay (ideal)
                                  0.250000    0.250000   clock uncertainty
                                  0.000000    0.250000   clock reconvergence pessimism
                                              0.250000 ^ _798_/CLK (sky130_fd_sc_hd__dfrtp_2)
                                  0.345723    0.595723   library removal time
                                              0.595723   data required time
---------------------------------------------------------------------------------------------
                                              0.595723   data required time
                                             -2.109339   data arrival time
---------------------------------------------------------------------------------------------
                                              1.513616   slack (MET)


Startpoint: rst (input port clocked by clk)
Endpoint: _799_ (removal check against rising-edge clock clk)
Path Group: asynchronous
Path Type: min

Fanout         Cap        Slew       Delay        Time   Description
---------------------------------------------------------------------------------------------
                      0.150000    0.000000    0.000000   clock clk (rise edge)
                                  0.000000    0.000000   clock network delay (ideal)
                                  2.000000    2.000000 v input external delay
     8    0.034208    0.076620    0.054625    2.054625 v rst (in)
                                                         rst (net)
                      0.076620    0.000000    2.054625 v _791_/A (sky130_fd_sc_hd__inv_2)
     1    0.003612    0.032470    0.054714    2.109339 ^ _791_/Y (sky130_fd_sc_hd__inv_2)
                                                         _009_ (net)
                      0.032470    0.000000    2.109339 ^ _799_/RESET_B (sky130_fd_sc_hd__dfrtp_2)
                                              2.109339   data arrival time

                      0.150000    0.000000    0.000000   clock clk (rise edge)
                                  0.000000    0.000000   clock network delay (ideal)
                                  0.250000    0.250000   clock uncertainty
                                  0.000000    0.250000   clock reconvergence pessimism
                                              0.250000 ^ _799_/CLK (sky130_fd_sc_hd__dfrtp_2)
                                  0.345723    0.595723   library removal time
                                              0.595723   data required time
---------------------------------------------------------------------------------------------
                                              0.595723   data required time
                                             -2.109339   data arrival time
---------------------------------------------------------------------------------------------
                                              1.513616   slack (MET)


Startpoint: rst (input port clocked by clk)
Endpoint: _800_ (removal check against rising-edge clock clk)
Path Group: asynchronous
Path Type: min

Fanout         Cap        Slew       Delay        Time   Description
---------------------------------------------------------------------------------------------
                      0.150000    0.000000    0.000000   clock clk (rise edge)
                                  0.000000    0.000000   clock network delay (ideal)
                                  2.000000    2.000000 v input external delay
     8    0.034208    0.076620    0.054625    2.054625 v rst (in)
                                                         rst (net)
                      0.076620    0.000000    2.054625 v _792_/A (sky130_fd_sc_hd__inv_2)
     1    0.003612    0.032470    0.054714    2.109339 ^ _792_/Y (sky130_fd_sc_hd__inv_2)
                                                         _010_ (net)
                      0.032470    0.000000    2.109339 ^ _800_/RESET_B (sky130_fd_sc_hd__dfrtp_2)
                                              2.109339   data arrival time

                      0.150000    0.000000    0.000000   clock clk (rise edge)
                                  0.000000    0.000000   clock network delay (ideal)
                                  0.250000    0.250000   clock uncertainty
                                  0.000000    0.250000   clock reconvergence pessimism
                                              0.250000 ^ _800_/CLK (sky130_fd_sc_hd__dfrtp_2)
                                  0.345723    0.595723   library removal time
                                              0.595723   data required time
---------------------------------------------------------------------------------------------
                                              0.595723   data required time
                                             -2.109339   data arrival time
---------------------------------------------------------------------------------------------
                                              1.513616   slack (MET)


Startpoint: rst (input port clocked by clk)
Endpoint: _801_ (removal check against rising-edge clock clk)
Path Group: asynchronous
Path Type: min

Fanout         Cap        Slew       Delay        Time   Description
---------------------------------------------------------------------------------------------
                      0.150000    0.000000    0.000000   clock clk (rise edge)
                                  0.000000    0.000000   clock network delay (ideal)
                                  2.000000    2.000000 v input external delay
     8    0.034208    0.076620    0.054625    2.054625 v rst (in)
                                                         rst (net)
                      0.076620    0.000000    2.054625 v _793_/A (sky130_fd_sc_hd__inv_2)
     1    0.003612    0.032470    0.054714    2.109339 ^ _793_/Y (sky130_fd_sc_hd__inv_2)
                                                         _011_ (net)
                      0.032470    0.000000    2.109339 ^ _801_/RESET_B (sky130_fd_sc_hd__dfrtp_2)
                                              2.109339   data arrival time

                      0.150000    0.000000    0.000000   clock clk (rise edge)
                                  0.000000    0.000000   clock network delay (ideal)
                                  0.250000    0.250000   clock uncertainty
                                  0.000000    0.250000   clock reconvergence pessimism
                                              0.250000 ^ _801_/CLK (sky130_fd_sc_hd__dfrtp_2)
                                  0.345723    0.595723   library removal time
                                              0.595723   data required time
---------------------------------------------------------------------------------------------
                                              0.595723   data required time
                                             -2.109339   data arrival time
---------------------------------------------------------------------------------------------
                                              1.513616   slack (MET)


Startpoint: rst (input port clocked by clk)
Endpoint: _802_ (removal check against rising-edge clock clk)
Path Group: asynchronous
Path Type: min

Fanout         Cap        Slew       Delay        Time   Description
---------------------------------------------------------------------------------------------
                      0.150000    0.000000    0.000000   clock clk (rise edge)
                                  0.000000    0.000000   clock network delay (ideal)
                                  2.000000    2.000000 v input external delay
     8    0.034208    0.076620    0.054625    2.054625 v rst (in)
                                                         rst (net)
                      0.076620    0.000000    2.054625 v _794_/A (sky130_fd_sc_hd__inv_2)
     1    0.003612    0.032470    0.054714    2.109339 ^ _794_/Y (sky130_fd_sc_hd__inv_2)
                                                         _012_ (net)
                      0.032470    0.000000    2.109339 ^ _802_/RESET_B (sky130_fd_sc_hd__dfrtp_2)
                                              2.109339   data arrival time

                      0.150000    0.000000    0.000000   clock clk (rise edge)
                                  0.000000    0.000000   clock network delay (ideal)
                                  0.250000    0.250000   clock uncertainty
                                  0.000000    0.250000   clock reconvergence pessimism
                                              0.250000 ^ _802_/CLK (sky130_fd_sc_hd__dfrtp_2)
                                  0.345723    0.595723   library removal time
                                              0.595723   data required time
---------------------------------------------------------------------------------------------
                                              0.595723   data required time
                                             -2.109339   data arrival time
---------------------------------------------------------------------------------------------
                                              1.513616   slack (MET)


Startpoint: rst (input port clocked by clk)
Endpoint: _803_ (removal check against rising-edge clock clk)
Path Group: asynchronous
Path Type: min

Fanout         Cap        Slew       Delay        Time   Description
---------------------------------------------------------------------------------------------
                      0.150000    0.000000    0.000000   clock clk (rise edge)
                                  0.000000    0.000000   clock network delay (ideal)
                                  2.000000    2.000000 v input external delay
     8    0.034208    0.076620    0.054625    2.054625 v rst (in)
                                                         rst (net)
                      0.076620    0.000000    2.054625 v _795_/A (sky130_fd_sc_hd__inv_2)
     1    0.003612    0.032470    0.054714    2.109339 ^ _795_/Y (sky130_fd_sc_hd__inv_2)
                                                         _013_ (net)
                      0.032470    0.000000    2.109339 ^ _803_/RESET_B (sky130_fd_sc_hd__dfrtp_2)
                                              2.109339   data arrival time

                      0.150000    0.000000    0.000000   clock clk (rise edge)
                                  0.000000    0.000000   clock network delay (ideal)
                                  0.250000    0.250000   clock uncertainty
                                  0.000000    0.250000   clock reconvergence pessimism
                                              0.250000 ^ _803_/CLK (sky130_fd_sc_hd__dfrtp_2)
                                  0.345723    0.595723   library removal time
                                              0.595723   data required time
---------------------------------------------------------------------------------------------
                                              0.595723   data required time
                                             -2.109339   data arrival time
---------------------------------------------------------------------------------------------
                                              1.513616   slack (MET)


Startpoint: rst (input port clocked by clk)
Endpoint: _804_ (removal check against rising-edge clock clk)
Path Group: asynchronous
Path Type: min

Fanout         Cap        Slew       Delay        Time   Description
---------------------------------------------------------------------------------------------
                      0.150000    0.000000    0.000000   clock clk (rise edge)
                                  0.000000    0.000000   clock network delay (ideal)
                                  2.000000    2.000000 v input external delay
     8    0.034208    0.076620    0.054625    2.054625 v rst (in)
                                                         rst (net)
                      0.076620    0.000000    2.054625 v _796_/A (sky130_fd_sc_hd__inv_2)
     1    0.003612    0.032470    0.054714    2.109339 ^ _796_/Y (sky130_fd_sc_hd__inv_2)
                                                         _014_ (net)
                      0.032470    0.000000    2.109339 ^ _804_/RESET_B (sky130_fd_sc_hd__dfrtp_2)
                                              2.109339   data arrival time

                      0.150000    0.000000    0.000000   clock clk (rise edge)
                                  0.000000    0.000000   clock network delay (ideal)
                                  0.250000    0.250000   clock uncertainty
                                  0.000000    0.250000   clock reconvergence pessimism
                                              0.250000 ^ _804_/CLK (sky130_fd_sc_hd__dfrtp_2)
                                  0.345723    0.595723   library removal time
                                              0.595723   data required time
---------------------------------------------------------------------------------------------
                                              0.595723   data required time
                                             -2.109339   data arrival time
---------------------------------------------------------------------------------------------
                                              1.513616   slack (MET)


Startpoint: rst (input port clocked by clk)
Endpoint: _805_ (removal check against rising-edge clock clk)
Path Group: asynchronous
Path Type: min

Fanout         Cap        Slew       Delay        Time   Description
---------------------------------------------------------------------------------------------
                      0.150000    0.000000    0.000000   clock clk (rise edge)
                                  0.000000    0.000000   clock network delay (ideal)
                                  2.000000    2.000000 v input external delay
     8    0.034208    0.076620    0.054625    2.054625 v rst (in)
                                                         rst (net)
                      0.076620    0.000000    2.054625 v _797_/A (sky130_fd_sc_hd__inv_2)
     1    0.003612    0.032470    0.054714    2.109339 ^ _797_/Y (sky130_fd_sc_hd__inv_2)
                                                         _015_ (net)
                      0.032470    0.000000    2.109339 ^ _805_/RESET_B (sky130_fd_sc_hd__dfrtp_2)
                                              2.109339   data arrival time

                      0.150000    0.000000    0.000000   clock clk (rise edge)
                                  0.000000    0.000000   clock network delay (ideal)
                                  0.250000    0.250000   clock uncertainty
                                  0.000000    0.250000   clock reconvergence pessimism
                                              0.250000 ^ _805_/CLK (sky130_fd_sc_hd__dfrtp_2)
                                  0.345723    0.595723   library removal time
                                              0.595723   data required time
---------------------------------------------------------------------------------------------
                                              0.595723   data required time
                                             -2.109339   data arrival time
---------------------------------------------------------------------------------------------
                                              1.513616   slack (MET)


Startpoint: _805_ (rising edge-triggered flip-flop clocked by clk)
Endpoint: sine_out[14] (output port clocked by clk)
Path Group: clk
Path Type: min

Fanout         Cap        Slew       Delay        Time   Description
---------------------------------------------------------------------------------------------
                      0.150000    0.000000    0.000000   clock clk (rise edge)
                                  0.000000    0.000000   clock network delay (ideal)
                      0.150000    0.000000    0.000000 ^ _805_/CLK (sky130_fd_sc_hd__dfrtp_2)
    23    0.070049    0.337589    0.602335    0.602335 ^ _805_/Q (sky130_fd_sc_hd__dfrtp_2)
                                                         tcount[7] (net)
                      0.337589    0.000000    0.602335 ^ _781_/A1 (sky130_fd_sc_hd__a21oi_2)
     1    0.033442    0.083828    0.205578    0.807913 v _781_/Y (sky130_fd_sc_hd__a21oi_2)
                                                         sine_out[14] (net)
                      0.083828    0.000000    0.807913 v sine_out[14] (out)
                                              0.807913   data arrival time

                      0.150000    0.000000    0.000000   clock clk (rise edge)
                                  0.000000    0.000000   clock network delay (ideal)
                                  0.250000    0.250000   clock uncertainty
                                  0.000000    0.250000   clock reconvergence pessimism
                                 -2.000000   -1.750000   output external delay
                                             -1.750000   data required time
---------------------------------------------------------------------------------------------
                                             -1.750000   data required time
                                             -0.807913   data arrival time
---------------------------------------------------------------------------------------------
                                              2.557913   slack (MET)


Startpoint: _805_ (rising edge-triggered flip-flop clocked by clk)
Endpoint: sine_out[7] (output port clocked by clk)
Path Group: clk
Path Type: min

Fanout         Cap        Slew       Delay        Time   Description
---------------------------------------------------------------------------------------------
                      0.150000    0.000000    0.000000   clock clk (rise edge)
                                  0.000000    0.000000   clock network delay (ideal)
                      0.150000    0.000000    0.000000 ^ _805_/CLK (sky130_fd_sc_hd__dfrtp_2)
    23    0.070049    0.337589    0.602335    0.602335 ^ _805_/Q (sky130_fd_sc_hd__dfrtp_2)
                                                         tcount[7] (net)
                      0.337589    0.000000    0.602335 ^ _690_/A1 (sky130_fd_sc_hd__o21ai_2)
     1    0.033442    0.136485    0.211947    0.814282 v _690_/Y (sky130_fd_sc_hd__o21ai_2)
                                                         sine_out[7] (net)
                      0.136485    0.000000    0.814282 v sine_out[7] (out)
                                              0.814282   data arrival time

                      0.150000    0.000000    0.000000   clock clk (rise edge)
                                  0.000000    0.000000   clock network delay (ideal)
                                  0.250000    0.250000   clock uncertainty
                                  0.000000    0.250000   clock reconvergence pessimism
                                 -2.000000   -1.750000   output external delay
                                             -1.750000   data required time
---------------------------------------------------------------------------------------------
                                             -1.750000   data required time
                                             -0.814282   data arrival time
---------------------------------------------------------------------------------------------
                                              2.564282   slack (MET)


Startpoint: _804_ (rising edge-triggered flip-flop clocked by clk)
Endpoint: sine_out[6] (output port clocked by clk)
Path Group: clk
Path Type: min

Fanout         Cap        Slew       Delay        Time   Description
---------------------------------------------------------------------------------------------
                      0.150000    0.000000    0.000000   clock clk (rise edge)
                                  0.000000    0.000000   clock network delay (ideal)
                      0.150000    0.000000    0.000000 ^ _804_/CLK (sky130_fd_sc_hd__dfrtp_2)
    10    0.035770    0.181907    0.492000    0.492000 ^ _804_/Q (sky130_fd_sc_hd__dfrtp_2)
                                                         tcount[6] (net)
                      0.181907    0.000000    0.492000 ^ _446_/A (sky130_fd_sc_hd__nor2_2)
     9    0.024312    0.084836    0.115451    0.607452 v _446_/Y (sky130_fd_sc_hd__nor2_2)
                                                         _388_ (net)
                      0.084836    0.000000    0.607452 v _654_/B1 (sky130_fd_sc_hd__o21ai_2)
     1    0.004403    0.053449    0.070962    0.678414 ^ _654_/Y (sky130_fd_sc_hd__o21ai_2)
                                                         _214_ (net)
                      0.053449    0.000000    0.678414 ^ _670_/A1 (sky130_fd_sc_hd__a22oi_2)
     1    0.033442    0.150032    0.152363    0.830777 v _670_/Y (sky130_fd_sc_hd__a22oi_2)
                                                         sine_out[6] (net)
                      0.150032    0.000000    0.830777 v sine_out[6] (out)
                                              0.830777   data arrival time

                      0.150000    0.000000    0.000000   clock clk (rise edge)
                                  0.000000    0.000000   clock network delay (ideal)
                                  0.250000    0.250000   clock uncertainty
                                  0.000000    0.250000   clock reconvergence pessimism
                                 -2.000000   -1.750000   output external delay
                                             -1.750000   data required time
---------------------------------------------------------------------------------------------
                                             -1.750000   data required time
                                             -0.830777   data arrival time
---------------------------------------------------------------------------------------------
                                              2.580777   slack (MET)


Startpoint: _805_ (rising edge-triggered flip-flop clocked by clk)
Endpoint: sine_out[15] (output port clocked by clk)
Path Group: clk
Path Type: min

Fanout         Cap        Slew       Delay        Time   Description
---------------------------------------------------------------------------------------------
                      0.150000    0.000000    0.000000   clock clk (rise edge)
                                  0.000000    0.000000   clock network delay (ideal)
                      0.150000    0.000000    0.000000 ^ _805_/CLK (sky130_fd_sc_hd__dfrtp_2)
    23    0.064200    0.173810    0.563441    0.563441 v _805_/Q (sky130_fd_sc_hd__dfrtp_2)
                                                         tcount[7] (net)
                      0.173810    0.000000    0.563441 v _782_/A (sky130_fd_sc_hd__and2_2)
     1    0.033442    0.099924    0.296825    0.860266 v _782_/X (sky130_fd_sc_hd__and2_2)
                                                         sine_out[15] (net)
                      0.099924    0.000000    0.860266 v sine_out[15] (out)
                                              0.860266   data arrival time

                      0.150000    0.000000    0.000000   clock clk (rise edge)
                                  0.000000    0.000000   clock network delay (ideal)
                                  0.250000    0.250000   clock uncertainty
                                  0.000000    0.250000   clock reconvergence pessimism
                                 -2.000000   -1.750000   output external delay
                                             -1.750000   data required time
---------------------------------------------------------------------------------------------
                                             -1.750000   data required time
                                             -0.860266   data arrival time
---------------------------------------------------------------------------------------------
                                              2.610266   slack (MET)


Startpoint: _805_ (rising edge-triggered flip-flop clocked by clk)
Endpoint: sine_out[9] (output port clocked by clk)
Path Group: clk
Path Type: min

Fanout         Cap        Slew       Delay        Time   Description
---------------------------------------------------------------------------------------------
                      0.150000    0.000000    0.000000   clock clk (rise edge)
                                  0.000000    0.000000   clock network delay (ideal)
                      0.150000    0.000000    0.000000 ^ _805_/CLK (sky130_fd_sc_hd__dfrtp_2)
    23    0.064200    0.173810    0.563441    0.563441 v _805_/Q (sky130_fd_sc_hd__dfrtp_2)
                                                         tcount[7] (net)
                      0.173810    0.000000    0.563441 v _726_/A1 (sky130_fd_sc_hd__a21o_2)
     1    0.033442    0.100772    0.310933    0.874374 v _726_/X (sky130_fd_sc_hd__a21o_2)
                                                         sine_out[9] (net)
                      0.100772    0.000000    0.874374 v sine_out[9] (out)
                                              0.874374   data arrival time

                      0.150000    0.000000    0.000000   clock clk (rise edge)
                                  0.000000    0.000000   clock network delay (ideal)
                                  0.250000    0.250000   clock uncertainty
                                  0.000000    0.250000   clock reconvergence pessimism
                                 -2.000000   -1.750000   output external delay
                                             -1.750000   data required time
---------------------------------------------------------------------------------------------
                                             -1.750000   data required time
                                             -0.874374   data arrival time
---------------------------------------------------------------------------------------------
                                              2.624374   slack (MET)


Startpoint: _805_ (rising edge-triggered flip-flop clocked by clk)
Endpoint: sine_out[4] (output port clocked by clk)
Path Group: clk
Path Type: min

Fanout         Cap        Slew       Delay        Time   Description
---------------------------------------------------------------------------------------------
                      0.150000    0.000000    0.000000   clock clk (rise edge)
                                  0.000000    0.000000   clock network delay (ideal)
                      0.150000    0.000000    0.000000 ^ _805_/CLK (sky130_fd_sc_hd__dfrtp_2)
    23    0.064200    0.173810    0.563441    0.563441 v _805_/Q (sky130_fd_sc_hd__dfrtp_2)
                                                         tcount[7] (net)
                      0.173810    0.000000    0.563441 v _397_/A (sky130_fd_sc_hd__inv_2)
     7    0.021695    0.118014    0.155761    0.719202 ^ _397_/Y (sky130_fd_sc_hd__inv_2)
                                                         _341_ (net)
                      0.118014    0.000000    0.719202 ^ _630_/A1 (sky130_fd_sc_hd__o21ai_2)
     1    0.033442    0.136478    0.155781    0.874982 v _630_/Y (sky130_fd_sc_hd__o21ai_2)
                                                         sine_out[4] (net)
                      0.136478    0.000000    0.874982 v sine_out[4] (out)
                                              0.874982   data arrival time

                      0.150000    0.000000    0.000000   clock clk (rise edge)
                                  0.000000    0.000000   clock network delay (ideal)
                                  0.250000    0.250000   clock uncertainty
                                  0.000000    0.250000   clock reconvergence pessimism
                                 -2.000000   -1.750000   output external delay
                                             -1.750000   data required time
---------------------------------------------------------------------------------------------
                                             -1.750000   data required time
                                             -0.874982   data arrival time
---------------------------------------------------------------------------------------------
                                              2.624983   slack (MET)


Startpoint: _805_ (rising edge-triggered flip-flop clocked by clk)
Endpoint: sine_out[8] (output port clocked by clk)
Path Group: clk
Path Type: min

Fanout         Cap        Slew       Delay        Time   Description
---------------------------------------------------------------------------------------------
                      0.150000    0.000000    0.000000   clock clk (rise edge)
                                  0.000000    0.000000   clock network delay (ideal)
                      0.150000    0.000000    0.000000 ^ _805_/CLK (sky130_fd_sc_hd__dfrtp_2)
    23    0.064200    0.173810    0.563441    0.563441 v _805_/Q (sky130_fd_sc_hd__dfrtp_2)
                                                         tcount[7] (net)
                      0.173810    0.000000    0.563441 v _711_/A1 (sky130_fd_sc_hd__a21bo_2)
     1    0.033442    0.101355    0.314783    0.878224 v _711_/X (sky130_fd_sc_hd__a21bo_2)
                                                         sine_out[8] (net)
                      0.101355    0.000000    0.878224 v sine_out[8] (out)
                                              0.878224   data arrival time

                      0.150000    0.000000    0.000000   clock clk (rise edge)
                                  0.000000    0.000000   clock network delay (ideal)
                                  0.250000    0.250000   clock uncertainty
                                  0.000000    0.250000   clock reconvergence pessimism
                                 -2.000000   -1.750000   output external delay
                                             -1.750000   data required time
---------------------------------------------------------------------------------------------
                                             -1.750000   data required time
                                             -0.878224   data arrival time
---------------------------------------------------------------------------------------------
                                              2.628224   slack (MET)


Startpoint: _804_ (rising edge-triggered flip-flop clocked by clk)
Endpoint: sine_out[11] (output port clocked by clk)
Path Group: clk
Path Type: min

Fanout         Cap        Slew       Delay        Time   Description
---------------------------------------------------------------------------------------------
                      0.150000    0.000000    0.000000   clock clk (rise edge)
                                  0.000000    0.000000   clock network delay (ideal)
                      0.150000    0.000000    0.000000 ^ _804_/CLK (sky130_fd_sc_hd__dfrtp_2)
    10    0.035770    0.181907    0.492000    0.492000 ^ _804_/Q (sky130_fd_sc_hd__dfrtp_2)
                                                         tcount[6] (net)
                      0.181907    0.000000    0.492000 ^ _754_/B1 (sky130_fd_sc_hd__a31oi_2)
     2    0.008541    0.063578    0.072331    0.564331 v _754_/Y (sky130_fd_sc_hd__a31oi_2)
                                                         _309_ (net)
                      0.063578    0.000000    0.564331 v _758_/A (sky130_fd_sc_hd__nand2_2)
     1    0.002507    0.030707    0.053433    0.617764 ^ _758_/Y (sky130_fd_sc_hd__nand2_2)
                                                         _313_ (net)
                      0.030707    0.000000    0.617764 ^ _761_/A3 (sky130_fd_sc_hd__a31o_2)
     1    0.033442    0.194581    0.263958    0.881722 ^ _761_/X (sky130_fd_sc_hd__a31o_2)
                                                         sine_out[11] (net)
                      0.194581    0.000000    0.881722 ^ sine_out[11] (out)
                                              0.881722   data arrival time

                      0.150000    0.000000    0.000000   clock clk (rise edge)
                                  0.000000    0.000000   clock network delay (ideal)
                                  0.250000    0.250000   clock uncertainty
                                  0.000000    0.250000   clock reconvergence pessimism
                                 -2.000000   -1.750000   output external delay
                                             -1.750000   data required time
---------------------------------------------------------------------------------------------
                                             -1.750000   data required time
                                             -0.881722   data arrival time
---------------------------------------------------------------------------------------------
                                              2.631722   slack (MET)


Startpoint: _805_ (rising edge-triggered flip-flop clocked by clk)
Endpoint: sine_out[2] (output port clocked by clk)
Path Group: clk
Path Type: min

Fanout         Cap        Slew       Delay        Time   Description
---------------------------------------------------------------------------------------------
                      0.150000    0.000000    0.000000   clock clk (rise edge)
                                  0.000000    0.000000   clock network delay (ideal)
                      0.150000    0.000000    0.000000 ^ _805_/CLK (sky130_fd_sc_hd__dfrtp_2)
    23    0.064200    0.173810    0.563441    0.563441 v _805_/Q (sky130_fd_sc_hd__dfrtp_2)
                                                         tcount[7] (net)
                      0.173810    0.000000    0.563441 v _560_/C1 (sky130_fd_sc_hd__o221ai_2)
     1    0.002504    0.084363    0.096884    0.660325 ^ _560_/Y (sky130_fd_sc_hd__o221ai_2)
                                                         _124_ (net)
                      0.084363    0.000000    0.660325 ^ _585_/A1 (sky130_fd_sc_hd__o21ba_2)
     1    0.033442    0.200938    0.266005    0.926331 ^ _585_/X (sky130_fd_sc_hd__o21ba_2)
                                                         sine_out[2] (net)
                      0.200938    0.000000    0.926331 ^ sine_out[2] (out)
                                              0.926331   data arrival time

                      0.150000    0.000000    0.000000   clock clk (rise edge)
                                  0.000000    0.000000   clock network delay (ideal)
                                  0.250000    0.250000   clock uncertainty
                                  0.000000    0.250000   clock reconvergence pessimism
                                 -2.000000   -1.750000   output external delay
                                             -1.750000   data required time
---------------------------------------------------------------------------------------------
                                             -1.750000   data required time
                                             -0.926331   data arrival time
---------------------------------------------------------------------------------------------
                                              2.676331   slack (MET)


Startpoint: _805_ (rising edge-triggered flip-flop clocked by clk)
Endpoint: sine_out[1] (output port clocked by clk)
Path Group: clk
Path Type: min

Fanout         Cap        Slew       Delay        Time   Description
---------------------------------------------------------------------------------------------
                      0.150000    0.000000    0.000000   clock clk (rise edge)
                                  0.000000    0.000000   clock network delay (ideal)
                      0.150000    0.000000    0.000000 ^ _805_/CLK (sky130_fd_sc_hd__dfrtp_2)
    23    0.070049    0.337589    0.602335    0.602335 ^ _805_/Q (sky130_fd_sc_hd__dfrtp_2)
                                                         tcount[7] (net)
                      0.337589    0.000000    0.602335 ^ _546_/A1 (sky130_fd_sc_hd__o32a_2)
     1    0.033442    0.178990    0.328397    0.930732 ^ _546_/X (sky130_fd_sc_hd__o32a_2)
                                                         sine_out[1] (net)
                      0.178990    0.000000    0.930732 ^ sine_out[1] (out)
                                              0.930732   data arrival time

                      0.150000    0.000000    0.000000   clock clk (rise edge)
                                  0.000000    0.000000   clock network delay (ideal)
                                  0.250000    0.250000   clock uncertainty
                                  0.000000    0.250000   clock reconvergence pessimism
                                 -2.000000   -1.750000   output external delay
                                             -1.750000   data required time
---------------------------------------------------------------------------------------------
                                             -1.750000   data required time
                                             -0.930732   data arrival time
---------------------------------------------------------------------------------------------
                                              2.680732   slack (MET)


Startpoint: _805_ (rising edge-triggered flip-flop clocked by clk)
Endpoint: sine_out[10] (output port clocked by clk)
Path Group: clk
Path Type: min

Fanout         Cap        Slew       Delay        Time   Description
---------------------------------------------------------------------------------------------
                      0.150000    0.000000    0.000000   clock clk (rise edge)
                                  0.000000    0.000000   clock network delay (ideal)
                      0.150000    0.000000    0.000000 ^ _805_/CLK (sky130_fd_sc_hd__dfrtp_2)
    23    0.064200    0.173810    0.563441    0.563441 v _805_/Q (sky130_fd_sc_hd__dfrtp_2)
                                                         tcount[7] (net)
                      0.173810    0.000000    0.563441 v _747_/B1 (sky130_fd_sc_hd__o2bb2a_2)
     1    0.033442    0.101568    0.391335    0.954776 v _747_/X (sky130_fd_sc_hd__o2bb2a_2)
                                                         sine_out[10] (net)
                      0.101568    0.000000    0.954776 v sine_out[10] (out)
                                              0.954776   data arrival time

                      0.150000    0.000000    0.000000   clock clk (rise edge)
                                  0.000000    0.000000   clock network delay (ideal)
                                  0.250000    0.250000   clock uncertainty
                                  0.000000    0.250000   clock reconvergence pessimism
                                 -2.000000   -1.750000   output external delay
                                             -1.750000   data required time
---------------------------------------------------------------------------------------------
                                             -1.750000   data required time
                                             -0.954776   data arrival time
---------------------------------------------------------------------------------------------
                                              2.704776   slack (MET)


Startpoint: _805_ (rising edge-triggered flip-flop clocked by clk)
Endpoint: sine_out[12] (output port clocked by clk)
Path Group: clk
Path Type: min

Fanout         Cap        Slew       Delay        Time   Description
---------------------------------------------------------------------------------------------
                      0.150000    0.000000    0.000000   clock clk (rise edge)
                                  0.000000    0.000000   clock network delay (ideal)
                      0.150000    0.000000    0.000000 ^ _805_/CLK (sky130_fd_sc_hd__dfrtp_2)
    23    0.064200    0.173810    0.563441    0.563441 v _805_/Q (sky130_fd_sc_hd__dfrtp_2)
                                                         tcount[7] (net)
                      0.173810    0.000000    0.563441 v _397_/A (sky130_fd_sc_hd__inv_2)
     7    0.021695    0.118014    0.155761    0.719202 ^ _397_/Y (sky130_fd_sc_hd__inv_2)
                                                         _341_ (net)
                      0.118014    0.000000    0.719202 ^ _773_/A0 (sky130_fd_sc_hd__mux2_1)
     1    0.033442    0.299553    0.330099    1.049301 ^ _773_/X (sky130_fd_sc_hd__mux2_1)
                                                         sine_out[12] (net)
                      0.299553    0.000000    1.049301 ^ sine_out[12] (out)
                                              1.049301   data arrival time

                      0.150000    0.000000    0.000000   clock clk (rise edge)
                                  0.000000    0.000000   clock network delay (ideal)
                                  0.250000    0.250000   clock uncertainty
                                  0.000000    0.250000   clock reconvergence pessimism
                                 -2.000000   -1.750000   output external delay
                                             -1.750000   data required time
---------------------------------------------------------------------------------------------
                                             -1.750000   data required time
                                             -1.049301   data arrival time
---------------------------------------------------------------------------------------------
                                              2.799301   slack (MET)


Startpoint: _805_ (rising edge-triggered flip-flop clocked by clk)
Endpoint: sine_out[13] (output port clocked by clk)
Path Group: clk
Path Type: min

Fanout         Cap        Slew       Delay        Time   Description
---------------------------------------------------------------------------------------------
                      0.150000    0.000000    0.000000   clock clk (rise edge)
                                  0.000000    0.000000   clock network delay (ideal)
                      0.150000    0.000000    0.000000 ^ _805_/CLK (sky130_fd_sc_hd__dfrtp_2)
    23    0.064200    0.173810    0.563441    0.563441 v _805_/Q (sky130_fd_sc_hd__dfrtp_2)
                                                         tcount[7] (net)
                      0.173810    0.000000    0.563441 v _397_/A (sky130_fd_sc_hd__inv_2)
     7    0.021695    0.118014    0.155761    0.719202 ^ _397_/Y (sky130_fd_sc_hd__inv_2)
                                                         _341_ (net)
                      0.118014    0.000000    0.719202 ^ _777_/A1 (sky130_fd_sc_hd__mux2_1)
     1    0.033442    0.299604    0.332064    1.051266 ^ _777_/X (sky130_fd_sc_hd__mux2_1)
                                                         sine_out[13] (net)
                      0.299604    0.000000    1.051266 ^ sine_out[13] (out)
                                              1.051266   data arrival time

                      0.150000    0.000000    0.000000   clock clk (rise edge)
                                  0.000000    0.000000   clock network delay (ideal)
                                  0.250000    0.250000   clock uncertainty
                                  0.000000    0.250000   clock reconvergence pessimism
                                 -2.000000   -1.750000   output external delay
                                             -1.750000   data required time
---------------------------------------------------------------------------------------------
                                             -1.750000   data required time
                                             -1.051266   data arrival time
---------------------------------------------------------------------------------------------
                                              2.801266   slack (MET)


Startpoint: _805_ (rising edge-triggered flip-flop clocked by clk)
Endpoint: sine_out[5] (output port clocked by clk)
Path Group: clk
Path Type: min

Fanout         Cap        Slew       Delay        Time   Description
---------------------------------------------------------------------------------------------
                      0.150000    0.000000    0.000000   clock clk (rise edge)
                                  0.000000    0.000000   clock network delay (ideal)
                      0.150000    0.000000    0.000000 ^ _805_/CLK (sky130_fd_sc_hd__dfrtp_2)
    23    0.064200    0.173810    0.563441    0.563441 v _805_/Q (sky130_fd_sc_hd__dfrtp_2)
                                                         tcount[7] (net)
                      0.173810    0.000000    0.563441 v _397_/A (sky130_fd_sc_hd__inv_2)
     7    0.021695    0.118014    0.155761    0.719202 ^ _397_/Y (sky130_fd_sc_hd__inv_2)
                                                         _341_ (net)
                      0.118014    0.000000    0.719202 ^ _651_/S (sky130_fd_sc_hd__mux2_1)
     1    0.033442    0.299713    0.332095    1.051297 ^ _651_/X (sky130_fd_sc_hd__mux2_1)
                                                         sine_out[5] (net)
                      0.299713    0.000000    1.051297 ^ sine_out[5] (out)
                                              1.051297   data arrival time

                      0.150000    0.000000    0.000000   clock clk (rise edge)
                                  0.000000    0.000000   clock network delay (ideal)
                                  0.250000    0.250000   clock uncertainty
                                  0.000000    0.250000   clock reconvergence pessimism
                                 -2.000000   -1.750000   output external delay
                                             -1.750000   data required time
---------------------------------------------------------------------------------------------
                                             -1.750000   data required time
                                             -1.051297   data arrival time
---------------------------------------------------------------------------------------------
                                              2.801297   slack (MET)


Startpoint: _804_ (rising edge-triggered flip-flop clocked by clk)
Endpoint: sine_out[0] (output port clocked by clk)
Path Group: clk
Path Type: min

Fanout         Cap        Slew       Delay        Time   Description
---------------------------------------------------------------------------------------------
                      0.150000    0.000000    0.000000   clock clk (rise edge)
                                  0.000000    0.000000   clock network delay (ideal)
                      0.150000    0.000000    0.000000 ^ _804_/CLK (sky130_fd_sc_hd__dfrtp_2)
    10    0.035770    0.181907    0.492000    0.492000 ^ _804_/Q (sky130_fd_sc_hd__dfrtp_2)
                                                         tcount[6] (net)
                      0.181907    0.000000    0.492000 ^ _485_/A (sky130_fd_sc_hd__nor2_2)
     8    0.019273    0.059187    0.104739    0.596739 v _485_/Y (sky130_fd_sc_hd__nor2_2)
                                                         _051_ (net)
                      0.059187    0.000000    0.596739 v _487_/C1 (sky130_fd_sc_hd__o311a_2)
     1    0.002134    0.022055    0.113339    0.710078 v _487_/X (sky130_fd_sc_hd__o311a_2)
                                                         _053_ (net)
                      0.022055    0.000000    0.710078 v _488_/C1 (sky130_fd_sc_hd__a211o_2)
     1    0.033442    0.117485    0.353003    1.063081 v _488_/X (sky130_fd_sc_hd__a211o_2)
                                                         sine_out[0] (net)
                      0.117485    0.000000    1.063081 v sine_out[0] (out)
                                              1.063081   data arrival time

                      0.150000    0.000000    0.000000   clock clk (rise edge)
                                  0.000000    0.000000   clock network delay (ideal)
                                  0.250000    0.250000   clock uncertainty
                                  0.000000    0.250000   clock reconvergence pessimism
                                 -2.000000   -1.750000   output external delay
                                             -1.750000   data required time
---------------------------------------------------------------------------------------------
                                             -1.750000   data required time
                                             -1.063081   data arrival time
---------------------------------------------------------------------------------------------
                                              2.813082   slack (MET)


Startpoint: _804_ (rising edge-triggered flip-flop clocked by clk)
Endpoint: sine_out[3] (output port clocked by clk)
Path Group: clk
Path Type: min

Fanout         Cap        Slew       Delay        Time   Description
---------------------------------------------------------------------------------------------
                      0.150000    0.000000    0.000000   clock clk (rise edge)
                                  0.000000    0.000000   clock network delay (ideal)
                      0.150000    0.000000    0.000000 ^ _804_/CLK (sky130_fd_sc_hd__dfrtp_2)
    10    0.035770    0.181907    0.492000    0.492000 ^ _804_/Q (sky130_fd_sc_hd__dfrtp_2)
                                                         tcount[6] (net)
                      0.181907    0.000000    0.492000 ^ _446_/A (sky130_fd_sc_hd__nor2_2)
     9    0.024312    0.084836    0.115451    0.607452 v _446_/Y (sky130_fd_sc_hd__nor2_2)
                                                         _388_ (net)
                      0.084836    0.000000    0.607452 v _611_/C1 (sky130_fd_sc_hd__o211a_2)
     1    0.001648    0.021251    0.124361    0.731813 v _611_/X (sky130_fd_sc_hd__o211a_2)
                                                         _174_ (net)
                      0.021251    0.000000    0.731813 v _613_/B1 (sky130_fd_sc_hd__o2bb2a_2)
     1    0.033442    0.101564    0.333167    1.064980 v _613_/X (sky130_fd_sc_hd__o2bb2a_2)
                                                         sine_out[3] (net)
                      0.101564    0.000000    1.064980 v sine_out[3] (out)
                                              1.064980   data arrival time

                      0.150000    0.000000    0.000000   clock clk (rise edge)
                                  0.000000    0.000000   clock network delay (ideal)
                                  0.250000    0.250000   clock uncertainty
                                  0.000000    0.250000   clock reconvergence pessimism
                                 -2.000000   -1.750000   output external delay
                                             -1.750000   data required time
---------------------------------------------------------------------------------------------
                                             -1.750000   data required time
                                             -1.064980   data arrival time
---------------------------------------------------------------------------------------------
                                              2.814980   slack (MET)



