Reading OpenROAD database at '/home/lroot/count/runs/RUN_2025-02-20_02-26-26/36-openroad-resizertimingpostcts/counter_8bit.odb'…
Reading library file at '/home/lroot/.volare/volare/sky130/versions/0fe599b2afb6708d281543108caf8310912f54af/sky130A/libs.ref/sky130_fd_sc_hd/lib/sky130_fd_sc_hd__tt_025C_1v80.lib'…
Reading design constraints file at '/nix/store/1713bzlk8w8z17prigcs0xh0ha523ii5-python3-3.11.9-env/lib/python3.11/site-packages/openlane/scripts/base.sdc'…
[INFO] Using clock clk…
[INFO] Setting output delay to: 2
[INFO] Setting input delay to: 2
[INFO] Setting load to: 0.033442
[INFO] Setting clock uncertainty to: 0.25
[INFO] Setting clock transition to: 0.1499999999999999944488848768742172978818416595458984375
[INFO] Setting timing derate to: 5%
[INFO] Setting signal min routing layer to: met1 and clock min routing layer to met1. 
[INFO] Setting signal max routing layer to: met5 and clock max routing layer to met5. 
-congestion_iterations 50 -verbose
[INFO GRT-0020] Min routing layer: met1
[INFO GRT-0021] Max routing layer: met5
[INFO GRT-0022] Global adjustment: 30%
[INFO GRT-0023] Grid origin: (0, 0)
[INFO GRT-0043] No OR_DEFAULT vias defined.
[INFO GRT-0088] Layer li1     Track-Pitch = 0.4600  line-2-Via Pitch: 0.3400
[INFO GRT-0088] Layer met1    Track-Pitch = 0.3400  line-2-Via Pitch: 0.3400
[INFO GRT-0088] Layer met2    Track-Pitch = 0.4600  line-2-Via Pitch: 0.3500
[INFO GRT-0088] Layer met3    Track-Pitch = 0.6800  line-2-Via Pitch: 0.6150
[INFO GRT-0088] Layer met4    Track-Pitch = 0.9200  line-2-Via Pitch: 1.0400
[INFO GRT-0088] Layer met5    Track-Pitch = 3.4000  line-2-Via Pitch: 3.1100
[INFO GRT-0019] Found 4 clock nets.
[INFO GRT-0001] Minimum degree: 2
[INFO GRT-0002] Maximum degree: 11
[INFO GRT-0003] Macros: 0
[INFO GRT-0043] No OR_DEFAULT vias defined.
[INFO GRT-0004] Blockages: 127

[INFO GRT-0053] Routing resources analysis:
          Routing      Original      Derated      Resource
Layer     Direction    Resources     Resources    Reduction (%)
---------------------------------------------------------------
li1        Vertical            0             0          0.00%
met1       Horizontal       4390          2172          50.52%
met2       Vertical         3195          1971          38.31%
met3       Horizontal       2188          1417          35.24%
met4       Vertical         1296           762          41.20%
met5       Horizontal        432           208          51.85%
---------------------------------------------------------------

[INFO GRT-0101] Running extra iterations to remove overflow.
[INFO GRT-0197] Via related to pin nodes: 3262
[INFO GRT-0198] Via related Steiner nodes: 89
[INFO GRT-0199] Via filling finished.
[INFO GRT-0111] Final number of vias: 4124
[INFO GRT-0112] Final usage 3D: 14518

[INFO GRT-0096] Final congestion report:
Layer         Resource        Demand        Usage (%)    Max H / Max V / Total Overflow
---------------------------------------------------------------------------------------
li1                  0             0            0.00%             0 /  0 /  0
met1              2172           923           42.50%             0 /  0 /  0
met2              1971           894           45.36%             0 /  0 /  0
met3              1417           165           11.64%             0 /  0 /  0
met4               762           160           21.00%             0 /  0 /  0
met5               208             4            1.92%             0 /  0 /  0
---------------------------------------------------------------------------------------
Total             6530          2146           32.86%             0 /  0 /  0

[INFO GRT-0018] Total wirelength: 24253 um
[INFO GRT-0014] Routed nets: 492
%OL_CREATE_REPORT antenna.rpt
[INFO GRT-0043] No OR_DEFAULT vias defined.
[INFO ANT-0002] Found 0 net violations.
[INFO ANT-0001] Found 0 pin violations.
%OL_END_REPORT
[INFO] Setting RC values…
Setting global connections for newly added cells…
[INFO] Setting global connections...
Updating metrics…
Cell type report:                       Count       Area
  Fill cell                                62     232.72
  Tap cell                                 99     123.87
  Clock buffer                              3      75.07
  Timing Repair Buffer                     72     427.91
  Inverter                                 18      67.56
  Sequential cell                           8     205.20
  Multi-Input combinational cell          389    2999.13
  Total                                   651    4131.46
Writing OpenROAD database to '/home/lroot/count/runs/RUN_2025-02-20_02-26-26/38-openroad-globalrouting/counter_8bit.odb'…
Writing layout to '/home/lroot/count/runs/RUN_2025-02-20_02-26-26/38-openroad-globalrouting/counter_8bit.def'…
