                                                                        Cells by Master                                                                         
┏━━━━━━━━━━━━━━━━━━━━━━━━━━━━━━━━━━━━━━━━━━━━━━━━━━━━━━━━━━━━━━━━━━━━━━━━━━━━━━━━━━━━━━━━━━━━━━━━━━━━━━━━━━━━━━━━━━━━━━━━━━━━━━━━━━┳━━━━━━━━━━━━━━━━━━━━━━━━━━━┓
┃ Cell                                                                                                                             ┃ Count                     ┃
┡━━━━━━━━━━━━━━━━━━━━━━━━━━━━━━━━━━━━━━━━━━━━━━━━━━━━━━━━━━━━━━━━━━━━━━━━━━━━━━━━━━━━━━━━━━━━━━━━━━━━━━━━━━━━━━━━━━━━━━━━━━━━━━━━━━╇━━━━━━━━━━━━━━━━━━━━━━━━━━━┩
│ sky130_ef_sc_hd__decap_12                                                                                                        │ 89                        │
│ sky130_fd_sc_hd__a211o_1                                                                                                         │ 17                        │
│ sky130_fd_sc_hd__a211oi_1                                                                                                        │ 1                         │
│ sky130_fd_sc_hd__a21bo_1                                                                                                         │ 4                         │
│ sky130_fd_sc_hd__a21bo_2                                                                                                         │ 1                         │
│ sky130_fd_sc_hd__a21o_1                                                                                                          │ 20                        │
│ sky130_fd_sc_hd__a21oi_1                                                                                                         │ 21                        │
│ sky130_fd_sc_hd__a21oi_2                                                                                                         │ 2                         │
│ sky130_fd_sc_hd__a221o_1                                                                                                         │ 9                         │
│ sky130_fd_sc_hd__a221oi_1                                                                                                        │ 1                         │
│ sky130_fd_sc_hd__a22o_1                                                                                                          │ 5                         │
│ sky130_fd_sc_hd__a22oi_1                                                                                                         │ 1                         │
│ sky130_fd_sc_hd__a2bb2o_1                                                                                                        │ 2                         │
│ sky130_fd_sc_hd__a311o_1                                                                                                         │ 12                        │
│ sky130_fd_sc_hd__a31o_1                                                                                                          │ 29                        │
│ sky130_fd_sc_hd__a31oi_1                                                                                                         │ 3                         │
│ sky130_fd_sc_hd__a32o_1                                                                                                          │ 6                         │
│ sky130_fd_sc_hd__a32oi_2                                                                                                         │ 1                         │
│ sky130_fd_sc_hd__a41o_1                                                                                                          │ 1                         │
│ sky130_fd_sc_hd__and2_1                                                                                                          │ 11                        │
│ sky130_fd_sc_hd__and2b_1                                                                                                         │ 2                         │
│ sky130_fd_sc_hd__and2b_2                                                                                                         │ 3                         │
│ sky130_fd_sc_hd__and3_1                                                                                                          │ 11                        │
│ sky130_fd_sc_hd__and3b_1                                                                                                         │ 4                         │
│ sky130_fd_sc_hd__and4_1                                                                                                          │ 1                         │
│ sky130_fd_sc_hd__and4b_1                                                                                                         │ 1                         │
│ sky130_fd_sc_hd__and4bb_1                                                                                                        │ 2                         │
│ sky130_fd_sc_hd__buf_1                                                                                                           │ 2                         │
│ sky130_fd_sc_hd__buf_2                                                                                                           │ 43                        │
│ sky130_fd_sc_hd__buf_4                                                                                                           │ 3                         │
│ sky130_fd_sc_hd__clkbuf_16                                                                                                       │ 3                         │
│ sky130_fd_sc_hd__clkbuf_2                                                                                                        │ 7                         │
│ sky130_fd_sc_hd__clkbuf_4                                                                                                        │ 13                        │
│ sky130_fd_sc_hd__decap_3                                                                                                         │ 121                       │
│ sky130_fd_sc_hd__decap_4                                                                                                         │ 71                        │
│ sky130_fd_sc_hd__decap_6                                                                                                         │ 40                        │
│ sky130_fd_sc_hd__decap_8                                                                                                         │ 63                        │
│ sky130_fd_sc_hd__dfrtp_1                                                                                                         │ 6                         │
│ sky130_fd_sc_hd__dfrtp_2                                                                                                         │ 1                         │
│ sky130_fd_sc_hd__dfrtp_4                                                                                                         │ 1                         │
│ sky130_fd_sc_hd__dlymetal6s2s_1                                                                                                  │ 4                         │
│ sky130_fd_sc_hd__fill_1                                                                                                          │ 137                       │
│ sky130_fd_sc_hd__fill_2                                                                                                          │ 58                        │
│ sky130_fd_sc_hd__inv_2                                                                                                           │ 18                        │
│ sky130_fd_sc_hd__mux2_1                                                                                                          │ 3                         │
│ sky130_fd_sc_hd__nand2_1                                                                                                         │ 36                        │
│ sky130_fd_sc_hd__nand2_2                                                                                                         │ 6                         │
│ sky130_fd_sc_hd__nand2_4                                                                                                         │ 2                         │
│ sky130_fd_sc_hd__nand2b_1                                                                                                        │ 4                         │
│ sky130_fd_sc_hd__nand2b_2                                                                                                        │ 2                         │
│ sky130_fd_sc_hd__nand2b_4                                                                                                        │ 1                         │
│ sky130_fd_sc_hd__nand3b_2                                                                                                        │ 1                         │
│ sky130_fd_sc_hd__nor2_1                                                                                                          │ 22                        │
│ sky130_fd_sc_hd__nor2_2                                                                                                          │ 3                         │
│ sky130_fd_sc_hd__nor2_4                                                                                                          │ 4                         │
│ sky130_fd_sc_hd__nor3_1                                                                                                          │ 3                         │
│ sky130_fd_sc_hd__nor3b_2                                                                                                         │ 1                         │
│ sky130_fd_sc_hd__nor3b_4                                                                                                         │ 1                         │
│ sky130_fd_sc_hd__nor4_1                                                                                                          │ 1                         │
│ sky130_fd_sc_hd__o2111a_1                                                                                                        │ 2                         │
│ sky130_fd_sc_hd__o211a_1                                                                                                         │ 13                        │
│ sky130_fd_sc_hd__o211ai_1                                                                                                        │ 1                         │
│ sky130_fd_sc_hd__o211ai_2                                                                                                        │ 1                         │
│ sky130_fd_sc_hd__o21a_1                                                                                                          │ 9                         │
│ sky130_fd_sc_hd__o21ai_1                                                                                                         │ 10                        │
│ sky130_fd_sc_hd__o21ai_4                                                                                                         │ 2                         │
│ sky130_fd_sc_hd__o21ba_1                                                                                                         │ 2                         │
│ sky130_fd_sc_hd__o21ba_2                                                                                                         │ 1                         │
│ sky130_fd_sc_hd__o21ba_4                                                                                                         │ 1                         │
│ sky130_fd_sc_hd__o21bai_1                                                                                                        │ 1                         │
│ sky130_fd_sc_hd__o21bai_2                                                                                                        │ 1                         │
│ sky130_fd_sc_hd__o221a_1                                                                                                         │ 6                         │
│ sky130_fd_sc_hd__o221ai_1                                                                                                        │ 1                         │
│ sky130_fd_sc_hd__o22a_1                                                                                                          │ 3                         │
│ sky130_fd_sc_hd__o2bb2a_1                                                                                                        │ 3                         │
│ sky130_fd_sc_hd__o311a_1                                                                                                         │ 8                         │
│ sky130_fd_sc_hd__o31a_1                                                                                                          │ 6                         │
│ sky130_fd_sc_hd__o31ai_1                                                                                                         │ 2                         │
│ sky130_fd_sc_hd__o32a_1                                                                                                          │ 1                         │
│ sky130_fd_sc_hd__o32ai_1                                                                                                         │ 1                         │
│ sky130_fd_sc_hd__o41a_1                                                                                                          │ 3                         │
│ sky130_fd_sc_hd__or2_1                                                                                                           │ 15                        │
│ sky130_fd_sc_hd__or2_2                                                                                                           │ 2                         │
│ sky130_fd_sc_hd__or3_1                                                                                                           │ 16                        │
│ sky130_fd_sc_hd__or3b_1                                                                                                          │ 7                         │
│ sky130_fd_sc_hd__or4_1                                                                                                           │ 4                         │
│ sky130_fd_sc_hd__or4b_1                                                                                                          │ 1                         │
│ sky130_fd_sc_hd__tapvpwrvgnd_1                                                                                                   │ 99                        │
│ sky130_fd_sc_hd__xnor2_1                                                                                                         │ 2                         │
│ sky130_fd_sc_hd__xnor2_2                                                                                                         │ 1                         │
│ sky130_fd_sc_hd__xnor2_4                                                                                                         │ 1                         │
│ sky130_fd_sc_hd__xor2_4                                                                                                          │ 1                         │
└──────────────────────────────────────────────────────────────────────────────────────────────────────────────────────────────────┴───────────────────────────┘
