Clock: clk
Sources: clk 
Generated: no
Virtual: yes
Propagated: no
Period: 10.000000

===========================================================================
report_clock_properties
============================================================================
Clock                   Period          Waveform
----------------------------------------------------
clk                  10.000000    0.000000  5.000000

===========================================================================
report_clock_latency
============================================================================
Clock clk
rise -> rise
    min     max
0.000000 0.000000 source latency
0.270938         network latency _802_/CLK
        0.272550 network latency _801_/CLK
---------------
0.270938 0.272550 latency
        0.001612 skew

fall -> fall
    min     max
0.000000 0.000000 source latency
0.279314         network latency _802_/CLK
        0.280675 network latency _801_/CLK
---------------
0.279314 0.280675 latency
        0.001360 skew



===========================================================================
report_clock_min_period
============================================================================
clk period_min = 1.87 fmax = 534.02
