Reading OpenROAD database at '/home/lroot/count/runs/RUN_2025-02-20_02-26-26/47-odb-reportdisconnectedpins/counter_8bit.odb'…
Reading library file at '/home/lroot/.volare/volare/sky130/versions/0fe599b2afb6708d281543108caf8310912f54af/sky130A/libs.ref/sky130_fd_sc_hd/lib/sky130_fd_sc_hd__tt_025C_1v80.lib'…
Reading design constraints file at '/nix/store/1713bzlk8w8z17prigcs0xh0ha523ii5-python3-3.11.9-env/lib/python3.11/site-packages/openlane/scripts/base.sdc'…
[INFO] Using clock clk…
[INFO] Setting output delay to: 2
[INFO] Setting input delay to: 2
[INFO] Setting load to: 0.033442
[INFO] Setting clock uncertainty to: 0.25
[INFO] Setting clock transition to: 0.1499999999999999944488848768742172978818416595458984375
[INFO] Setting timing derate to: 5%
sky130_ef_sc_hd__decap_12 sky130_fd_sc_hd__decap_8 sky130_fd_sc_hd__decap_6 sky130_fd_sc_hd__decap_4 sky130_fd_sc_hd__decap_3 sky130_fd_sc_hd__fill*
[INFO DPL-0001] Placed 517 filler instances.
Setting global connections for newly added cells…
[INFO] Setting global connections...
Updating metrics…
Cell type report:                       Count       Area
  Fill cell                               579    3393.25
  Tap cell                                 99     123.87
  Clock buffer                              3      75.07
  Timing Repair Buffer                     72     427.91
  Inverter                                 18      67.56
  Sequential cell                           8     205.20
  Multi-Input combinational cell          389    2999.13
  Total                                  1168    7291.99
Writing OpenROAD database to '/home/lroot/count/runs/RUN_2025-02-20_02-26-26/51-openroad-fillinsertion/counter_8bit.odb'…
Writing netlist to '/home/lroot/count/runs/RUN_2025-02-20_02-26-26/51-openroad-fillinsertion/counter_8bit.nl.v'…
Writing powered netlist to '/home/lroot/count/runs/RUN_2025-02-20_02-26-26/51-openroad-fillinsertion/counter_8bit.pnl.v'…
Writing layout to '/home/lroot/count/runs/RUN_2025-02-20_02-26-26/51-openroad-fillinsertion/counter_8bit.def'…
Writing timing constraints to '/home/lroot/count/runs/RUN_2025-02-20_02-26-26/51-openroad-fillinsertion/counter_8bit.sdc'…
