Reading OpenROAD database at '/home/lroot/count/runs/RUN_2025-02-20_02-26-26/15-odb-setpowerconnections/counter_8bit.odb'…
Reading library file at '/home/lroot/.volare/volare/sky130/versions/0fe599b2afb6708d281543108caf8310912f54af/sky130A/libs.ref/sky130_fd_sc_hd/lib/sky130_fd_sc_hd__tt_025C_1v80.lib'…
Reading design constraints file at '/nix/store/1713bzlk8w8z17prigcs0xh0ha523ii5-python3-3.11.9-env/lib/python3.11/site-packages/openlane/scripts/base.sdc'…
[INFO] Using clock clk…
[INFO] Setting output delay to: 2
[INFO] Setting input delay to: 2
[INFO] Setting load to: 0.033442
[INFO] Setting clock uncertainty to: 0.25
[INFO] Setting clock transition to: 0.1499999999999999944488848768742172978818416595458984375
[INFO] Setting timing derate to: 5%
Setting global connections for newly added cells…
[INFO] Setting global connections...
Updating metrics…
Cell type report:                       Count       Area
  Inverter                                 18      67.56
  Sequential cell                           8     210.20
  Multi-Input combinational cell          389    3485.84
  Total                                   415    3763.61
Writing OpenROAD database to '/home/lroot/count/runs/RUN_2025-02-20_02-26-26/17-openroad-cutrows/counter_8bit.odb'…
Writing layout to '/home/lroot/count/runs/RUN_2025-02-20_02-26-26/17-openroad-cutrows/counter_8bit.def'…
