Clock: clk
Sources: clk 
Generated: no
Virtual: yes
Propagated: no
Period: 10.000000

===========================================================================
report_clock_properties
============================================================================
Clock                   Period          Waveform
----------------------------------------------------
clk                  10.000000    0.000000  5.000000

===========================================================================
report_clock_latency
============================================================================
Clock clk
rise -> rise
    min     max
0.000000 0.000000 source latency
0.277505         network latency _804_/CLK
        0.279714 network latency _801_/CLK
---------------
0.277505 0.279714 latency
        0.002209 skew

fall -> fall
    min     max
0.000000 0.000000 source latency
0.283703         network latency _804_/CLK
        0.285575 network latency _801_/CLK
---------------
0.283703 0.285575 latency
        0.001872 skew



===========================================================================
report_clock_min_period
============================================================================
clk period_min = 1.94 fmax = 516.35
