Clock: clk
Sources: clk 
Generated: no
Virtual: yes
Propagated: no
Period: 10.000000

===========================================================================
report_clock_properties
============================================================================
Clock                   Period          Waveform
----------------------------------------------------
clk                  10.000000    0.000000  5.000000

===========================================================================
report_clock_latency
============================================================================
Clock clk
rise -> rise
    min     max
0.000000 0.000000 source latency
0.281167         network latency _802_/CLK
        0.283984 network latency _801_/CLK
---------------
0.281167 0.283984 latency
        0.002816 skew

fall -> fall
    min     max
0.000000 0.000000 source latency
0.286429         network latency _802_/CLK
        0.288823 network latency _801_/CLK
---------------
0.286429 0.288823 latency
        0.002394 skew



===========================================================================
report_clock_min_period
============================================================================
clk period_min = 2.18 fmax = 459.53
