
===========================================================================
report_checks -unconstrained
===========================================================================
======================= nom_tt_025C_1v80 Corner ===================================

Startpoint: rst (input port clocked by clk)
Endpoint: _803_ (recovery check against rising-edge clock clk)
Path Group: asynchronous
Path Type: max

Fanout         Cap        Slew       Delay        Time   Description
---------------------------------------------------------------------------------------------
                                  0.000000    0.000000   clock clk (rise edge)
                                  0.000000    0.000000   clock network delay (propagated)
                                  2.000000    2.000000 v input external delay
     8    0.038195    0.085725    0.061063    2.061063 v rst (in)
                                                         rst (net)
                      0.085726    0.000000    2.061063 v _795_/A (sky130_fd_sc_hd__inv_2)
     1    0.003785    0.035030    0.058687    2.119750 ^ _795_/Y (sky130_fd_sc_hd__inv_2)
                                                         _013_ (net)
                      0.035030    0.000003    2.119753 ^ _803_/RESET_B (sky130_fd_sc_hd__dfrtp_2)
                                              2.119753   data arrival time

                                 10.000000   10.000000   clock clk (rise edge)
                                  0.000000   10.000000   clock source latency
     8    0.019734    0.094473    0.064770   10.064771 ^ clk (in)
                                                         clk (net)
                      0.094473    0.000000   10.064771 ^ _803_/CLK (sky130_fd_sc_hd__dfrtp_2)
                                 -0.250000    9.814771   clock uncertainty
                                  0.000000    9.814771   clock reconvergence pessimism
                                  0.237319   10.052090   library recovery time
                                             10.052090   data required time
---------------------------------------------------------------------------------------------
                                             10.052090   data required time
                                             -2.119753   data arrival time
---------------------------------------------------------------------------------------------
                                              7.932338   slack (MET)


Startpoint: _802_ (rising edge-triggered flip-flop clocked by clk)
Endpoint: sine_out[8] (output port clocked by clk)
Path Group: clk
Path Type: max

Fanout         Cap        Slew       Delay        Time   Description
---------------------------------------------------------------------------------------------
                                  0.000000    0.000000   clock clk (rise edge)
                                  0.000000    0.000000   clock source latency
     8    0.019734    0.094473    0.064741    0.064741 ^ clk (in)
                                                         clk (net)
                      0.094473    0.000000    0.064741 ^ _802_/CLK (sky130_fd_sc_hd__dfrtp_2)
    80    0.278002    1.287195    1.245405    1.310146 ^ _802_/Q (sky130_fd_sc_hd__dfrtp_2)
                                                         tcount[4] (net)
                      1.287206    0.003240    1.313387 ^ _394_/A (sky130_fd_sc_hd__inv_2)
    37    0.104581    0.473863    0.536388    1.849774 v _394_/Y (sky130_fd_sc_hd__inv_2)
                                                         _338_ (net)
                      0.473870    0.001942    1.851716 v _695_/A (sky130_fd_sc_hd__or3_2)
     1    0.002611    0.075472    0.602215    2.453932 v _695_/X (sky130_fd_sc_hd__or3_2)
                                                         _253_ (net)
                      0.075472    0.000004    2.453936 v _706_/A2 (sky130_fd_sc_hd__a31o_2)
     2    0.004288    0.041123    0.242841    2.696777 v _706_/X (sky130_fd_sc_hd__a31o_2)
                                                         _264_ (net)
                      0.041123    0.000012    2.696789 v _710_/C (sky130_fd_sc_hd__or4_2)
     1    0.001895    0.093669    0.589438    3.286227 v _710_/X (sky130_fd_sc_hd__or4_2)
                                                         _268_ (net)
                      0.093669    0.000005    3.286232 v _711_/B1_N (sky130_fd_sc_hd__a21bo_2)
     1    0.034103    0.187769    0.318784    3.605016 ^ _711_/X (sky130_fd_sc_hd__a21bo_2)
                                                         sine_out[8] (net)
                      0.187769    0.000105    3.605121 ^ sine_out[8] (out)
                                              3.605121   data arrival time

                                 10.000000   10.000000   clock clk (rise edge)
                                  0.000000   10.000000   clock network delay (propagated)
                                 -0.250000    9.750000   clock uncertainty
                                  0.000000    9.750000   clock reconvergence pessimism
                                 -2.000000    7.750000   output external delay
                                              7.750000   data required time
---------------------------------------------------------------------------------------------
                                              7.750000   data required time
                                             -3.605121   data arrival time
---------------------------------------------------------------------------------------------
                                              4.144879   slack (MET)




===========================================================================
report_checks --slack_max -0.01
============================================================================
======================= nom_tt_025C_1v80 Corner ===================================

No paths found.


===========================================================================
 report_check_types -max_slew -max_cap -max_fanout -violators
============================================================================
======================= nom_tt_025C_1v80 Corner ===================================

max slew

Pin                                        Limit        Slew       Slack
------------------------------------------------------------------------
_553_/B1                                0.750000    1.287218   -0.537218 (VIOLATED)
_554_/A1                                0.750000    1.287218   -0.537218 (VIOLATED)
_555_/C1                                0.750000    1.287218   -0.537218 (VIOLATED)
_640_/C1                                0.750000    1.287218   -0.537218 (VIOLATED)
_642_/B1                                0.750000    1.287218   -0.537218 (VIOLATED)
_732_/C1                                0.750000    1.287218   -0.537218 (VIOLATED)
_740_/A                                 0.750000    1.287218   -0.537218 (VIOLATED)
_743_/A                                 0.750000    1.287218   -0.537218 (VIOLATED)
_744_/A                                 0.750000    1.287218   -0.537218 (VIOLATED)
_549_/B1                                0.750000    1.287216   -0.537216 (VIOLATED)
_714_/A1                                0.750000    1.287216   -0.537216 (VIOLATED)
_715_/A1                                0.750000    1.287216   -0.537216 (VIOLATED)
_722_/C1                                0.750000    1.287216   -0.537216 (VIOLATED)
_608_/C1                                0.750000    1.287215   -0.537215 (VIOLATED)
_655_/C1                                0.750000    1.287215   -0.537215 (VIOLATED)
_672_/A                                 0.750000    1.287215   -0.537216 (VIOLATED)
_698_/B1                                0.750000    1.287215   -0.537216 (VIOLATED)
_515_/A1                                0.750000    1.287215   -0.537215 (VIOLATED)
_558_/A                                 0.750000    1.287215   -0.537215 (VIOLATED)
_588_/C1                                0.750000    1.287215   -0.537215 (VIOLATED)
_719_/C1                                0.750000    1.287215   -0.537215 (VIOLATED)
_736_/A1                                0.750000    1.287215   -0.537215 (VIOLATED)
_532_/C1                                0.750000    1.287214   -0.537214 (VIOLATED)
_537_/C1                                0.750000    1.287213   -0.537214 (VIOLATED)
_567_/B1                                0.750000    1.287212   -0.537212 (VIOLATED)
_568_/C1                                0.750000    1.287210   -0.537210 (VIOLATED)
_660_/B2                                0.750000    1.287208   -0.537208 (VIOLATED)
_717_/A1                                0.750000    1.287208   -0.537208 (VIOLATED)
_573_/C1                                0.750000    1.287207   -0.537207 (VIOLATED)
_394_/A                                 0.750000    1.287206   -0.537206 (VIOLATED)
_519_/C1                                0.750000    1.287205   -0.537206 (VIOLATED)
_528_/B1                                0.750000    1.287205   -0.537205 (VIOLATED)
_663_/B2                                0.750000    1.287206   -0.537206 (VIOLATED)
_440_/A                                 0.750000    1.287204   -0.537204 (VIOLATED)
_518_/A                                 0.750000    1.287205   -0.537205 (VIOLATED)
_587_/A1                                0.750000    1.287205   -0.537205 (VIOLATED)
_600_/A1                                0.750000    1.287205   -0.537205 (VIOLATED)
_604_/A1                                0.750000    1.287205   -0.537205 (VIOLATED)
_605_/A                                 0.750000    1.287205   -0.537205 (VIOLATED)
_756_/C1                                0.750000    1.287205   -0.537205 (VIOLATED)
_579_/C1                                0.750000    1.287204   -0.537203 (VIOLATED)
_704_/C1                                0.750000    1.287204   -0.537204 (VIOLATED)
_708_/C1                                0.750000    1.287204   -0.537204 (VIOLATED)
_752_/C1                                0.750000    1.287204   -0.537204 (VIOLATED)
_592_/A                                 0.750000    1.287203   -0.537203 (VIOLATED)
_611_/A1                                0.750000    1.287203   -0.537203 (VIOLATED)
_639_/A1                                0.750000    1.287203   -0.537203 (VIOLATED)
_680_/C1                                0.750000    1.287204   -0.537203 (VIOLATED)
_694_/A1                                0.750000    1.287204   -0.537204 (VIOLATED)
_450_/A1                                0.750000    1.287203   -0.537203 (VIOLATED)
_749_/B1                                0.750000    1.287203   -0.537203 (VIOLATED)
_443_/A                                 0.750000    1.287202   -0.537202 (VIOLATED)
_462_/B1                                0.750000    1.287202   -0.537202 (VIOLATED)
_674_/C1                                0.750000    1.287202   -0.537203 (VIOLATED)
_683_/B1                                0.750000    1.287203   -0.537203 (VIOLATED)
_684_/A                                 0.750000    1.287202   -0.537202 (VIOLATED)
_696_/B1                                0.750000    1.287202   -0.537203 (VIOLATED)
_487_/A1                                0.750000    1.287202   -0.537202 (VIOLATED)
_595_/B1                                0.750000    1.287202   -0.537202 (VIOLATED)
_632_/B1                                0.750000    1.287202   -0.537202 (VIOLATED)
_645_/A1                                0.750000    1.287202   -0.537202 (VIOLATED)
_626_/B2                                0.750000    1.287202   -0.537202 (VIOLATED)
_753_/A                                 0.750000    1.287202   -0.537202 (VIOLATED)
_633_/B1                                0.750000    1.287201   -0.537201 (VIOLATED)
_762_/C1                                0.750000    1.287202   -0.537202 (VIOLATED)
_763_/B1                                0.750000    1.287202   -0.537202 (VIOLATED)
_428_/A                                 0.750000    1.287201   -0.537201 (VIOLATED)
_764_/A2                                0.750000    1.287202   -0.537202 (VIOLATED)
_444_/B                                 0.750000    1.287201   -0.537201 (VIOLATED)
_557_/C1                                0.750000    1.287201   -0.537201 (VIOLATED)
_768_/A1                                0.750000    1.287201   -0.537201 (VIOLATED)
_769_/A1                                0.750000    1.287201   -0.537201 (VIOLATED)
_728_/B1                                0.750000    1.287200   -0.537200 (VIOLATED)
_750_/D1                                0.750000    1.287200   -0.537200 (VIOLATED)
_581_/A                                 0.750000    1.287199   -0.537199 (VIOLATED)
_619_/B1                                0.750000    1.287199   -0.537199 (VIOLATED)
_771_/A                                 0.750000    1.287198   -0.537198 (VIOLATED)
_565_/A                                 0.750000    1.287197   -0.537197 (VIOLATED)
_784_/A                                 0.750000    1.287197   -0.537197 (VIOLATED)
_788_/A2                                0.750000    1.287197   -0.537197 (VIOLATED)
_802_/Q                                 0.750000    1.287195   -0.537195 (VIOLATED)
_422_/B1                                0.750000    1.246280   -0.496280 (VIOLATED)
_452_/B1_N                              0.750000    1.246280   -0.496280 (VIOLATED)
_501_/A_N                               0.750000    1.246280   -0.496280 (VIOLATED)
_548_/B1                                0.750000    1.246279   -0.496279 (VIOLATED)
_550_/A1                                0.750000    1.246280   -0.496280 (VIOLATED)
_555_/A1                                0.750000    1.246279   -0.496279 (VIOLATED)
_608_/A1                                0.750000    1.246278   -0.496278 (VIOLATED)
_718_/A                                 0.750000    1.246278   -0.496278 (VIOLATED)
_727_/A1                                0.750000    1.246278   -0.496278 (VIOLATED)
_461_/A                                 0.750000    1.246277   -0.496277 (VIOLATED)
_490_/B2                                0.750000    1.246277   -0.496277 (VIOLATED)
_538_/A1                                0.750000    1.246277   -0.496277 (VIOLATED)
_703_/B1                                0.750000    1.246277   -0.496277 (VIOLATED)
_655_/A1                                0.750000    1.246276   -0.496276 (VIOLATED)
_451_/B1_N                              0.750000    1.246275   -0.496275 (VIOLATED)
_475_/B1_N                              0.750000    1.246275   -0.496275 (VIOLATED)
_551_/A                                 0.750000    1.246275   -0.496275 (VIOLATED)
_503_/A2                                0.750000    1.246275   -0.496275 (VIOLATED)
_506_/A                                 0.750000    1.246275   -0.496275 (VIOLATED)
_640_/A1                                0.750000    1.246275   -0.496275 (VIOLATED)
_732_/A1                                0.750000    1.246275   -0.496275 (VIOLATED)
_395_/A                                 0.750000    1.246274   -0.496274 (VIOLATED)
_415_/B                                 0.750000    1.246274   -0.496274 (VIOLATED)
_530_/A1                                0.750000    1.246274   -0.496274 (VIOLATED)
_593_/B1                                0.750000    1.246274   -0.496274 (VIOLATED)
_691_/B                                 0.750000    1.246275   -0.496275 (VIOLATED)
_473_/A                                 0.750000    1.246274   -0.496274 (VIOLATED)
_511_/B1_N                              0.750000    1.246274   -0.496274 (VIOLATED)
_662_/A1                                0.750000    1.246274   -0.496274 (VIOLATED)
_519_/A1                                0.750000    1.246273   -0.496273 (VIOLATED)
_434_/A                                 0.750000    1.246272   -0.496272 (VIOLATED)
_521_/A                                 0.750000    1.246273   -0.496273 (VIOLATED)
_569_/A                                 0.750000    1.246272   -0.496272 (VIOLATED)
_659_/A1                                0.750000    1.246273   -0.496273 (VIOLATED)
_697_/A1                                0.750000    1.246273   -0.496273 (VIOLATED)
_438_/A                                 0.750000    1.246271   -0.496271 (VIOLATED)
_416_/B                                 0.750000    1.246271   -0.496271 (VIOLATED)
_476_/A                                 0.750000    1.246271   -0.496271 (VIOLATED)
_517_/A_N                               0.750000    1.246271   -0.496271 (VIOLATED)
_575_/B                                 0.750000    1.246271   -0.496271 (VIOLATED)
_536_/A                                 0.750000    1.246271   -0.496271 (VIOLATED)
_433_/A                                 0.750000    1.246270   -0.496270 (VIOLATED)
_489_/B2                                0.750000    1.246270   -0.496270 (VIOLATED)
_679_/A1                                0.750000    1.246270   -0.496270 (VIOLATED)
_573_/B2                                0.750000    1.246269   -0.496269 (VIOLATED)
_574_/A                                 0.750000    1.246269   -0.496269 (VIOLATED)
_591_/A1                                0.750000    1.246269   -0.496269 (VIOLATED)
_716_/B2                                0.750000    1.246269   -0.496269 (VIOLATED)
_456_/A                                 0.750000    1.246269   -0.496268 (VIOLATED)
_500_/A                                 0.750000    1.246267   -0.496267 (VIOLATED)
_563_/A                                 0.750000    1.246267   -0.496267 (VIOLATED)
_481_/A                                 0.750000    1.246266   -0.496266 (VIOLATED)
_498_/A                                 0.750000    1.246266   -0.496266 (VIOLATED)
_704_/A1                                0.750000    1.246266   -0.496266 (VIOLATED)
_570_/A                                 0.750000    1.246265   -0.496265 (VIOLATED)
_637_/C1                                0.750000    1.246265   -0.496265 (VIOLATED)
_680_/A1                                0.750000    1.246265   -0.496266 (VIOLATED)
_682_/B1                                0.750000    1.246266   -0.496266 (VIOLATED)
_693_/A                                 0.750000    1.246266   -0.496266 (VIOLATED)
_702_/B                                 0.750000    1.246266   -0.496266 (VIOLATED)
_480_/A                                 0.750000    1.246265   -0.496266 (VIOLATED)
_478_/A                                 0.750000    1.246264   -0.496264 (VIOLATED)
_633_/A1                                0.750000    1.246264   -0.496263 (VIOLATED)
_525_/A                                 0.750000    1.246263   -0.496263 (VIOLATED)
_526_/B1                                0.750000    1.246263   -0.496263 (VIOLATED)
_580_/B1                                0.750000    1.246263   -0.496263 (VIOLATED)
_755_/B1                                0.750000    1.246263   -0.496263 (VIOLATED)
_766_/A1                                0.750000    1.246264   -0.496264 (VIOLATED)
_419_/B1                                0.750000    1.246263   -0.496263 (VIOLATED)
_442_/A_N                               0.750000    1.246263   -0.496263 (VIOLATED)
_769_/A2                                0.750000    1.246262   -0.496262 (VIOLATED)
_432_/A                                 0.750000    1.246262   -0.496262 (VIOLATED)
_581_/B                                 0.750000    1.246262   -0.496262 (VIOLATED)
_437_/B                                 0.750000    1.246261   -0.496261 (VIOLATED)
_499_/A                                 0.750000    1.246261   -0.496261 (VIOLATED)
_564_/B                                 0.750000    1.246259   -0.496259 (VIOLATED)
_619_/A2                                0.750000    1.246259   -0.496259 (VIOLATED)
_801_/Q                                 0.750000    1.246259   -0.496259 (VIOLATED)
_409_/B                                 0.750000    0.957771   -0.207771 (VIOLATED)
_407_/A                                 0.750000    0.957771   -0.207771 (VIOLATED)
_451_/A1                                0.750000    0.957771   -0.207771 (VIOLATED)
_459_/B                                 0.750000    0.957771   -0.207771 (VIOLATED)
_411_/A_N                               0.750000    0.957771   -0.207771 (VIOLATED)
_578_/A                                 0.750000    0.957770   -0.207770 (VIOLATED)
_429_/A_N                               0.750000    0.957770   -0.207770 (VIOLATED)
_422_/A2                                0.750000    0.957769   -0.207769 (VIOLATED)
_452_/A1                                0.750000    0.957768   -0.207768 (VIOLATED)
_492_/A                                 0.750000    0.957766   -0.207766 (VIOLATED)
_510_/A1                                0.750000    0.957765   -0.207765 (VIOLATED)
_731_/A1                                0.750000    0.957765   -0.207765 (VIOLATED)
_431_/A                                 0.750000    0.957764   -0.207764 (VIOLATED)
_504_/A1                                0.750000    0.957764   -0.207764 (VIOLATED)
_505_/A1                                0.750000    0.957764   -0.207764 (VIOLATED)
_702_/A_N                               0.750000    0.957764   -0.207764 (VIOLATED)
_412_/A_N                               0.750000    0.957763   -0.207763 (VIOLATED)
_413_/B                                 0.750000    0.957763   -0.207763 (VIOLATED)
_414_/B                                 0.750000    0.957763   -0.207763 (VIOLATED)
_479_/A                                 0.750000    0.957763   -0.207763 (VIOLATED)
_417_/A                                 0.750000    0.957763   -0.207763 (VIOLATED)
_418_/A                                 0.750000    0.957763   -0.207763 (VIOLATED)
_442_/B                                 0.750000    0.957763   -0.207763 (VIOLATED)
_421_/B                                 0.750000    0.957763   -0.207763 (VIOLATED)
_509_/A1                                0.750000    0.957763   -0.207763 (VIOLATED)
_675_/A                                 0.750000    0.957763   -0.207763 (VIOLATED)
_435_/A1                                0.750000    0.957762   -0.207762 (VIOLATED)
_526_/A2                                0.750000    0.957762   -0.207762 (VIOLATED)
_424_/A                                 0.750000    0.957762   -0.207762 (VIOLATED)
_524_/B                                 0.750000    0.957762   -0.207762 (VIOLATED)
_766_/B2                                0.750000    0.957762   -0.207762 (VIOLATED)
_408_/A                                 0.750000    0.957761   -0.207761 (VIOLATED)
_432_/B                                 0.750000    0.957760   -0.207760 (VIOLATED)
_468_/B                                 0.750000    0.957760   -0.207760 (VIOLATED)
_433_/B                                 0.750000    0.957760   -0.207760 (VIOLATED)
_499_/B                                 0.750000    0.957759   -0.207759 (VIOLATED)
_564_/C                                 0.750000    0.957758   -0.207758 (VIOLATED)
_483_/A1                                0.750000    0.957757   -0.207757 (VIOLATED)
_619_/A3                                0.750000    0.957757   -0.207757 (VIOLATED)
_410_/B                                 0.750000    0.957757   -0.207757 (VIOLATED)
_625_/A1                                0.750000    0.957757   -0.207757 (VIOLATED)
_586_/A1                                0.750000    0.957756   -0.207756 (VIOLATED)
_416_/A_N                               0.750000    0.957755   -0.207755 (VIOLATED)
_618_/A1                                0.750000    0.957755   -0.207755 (VIOLATED)
_500_/B                                 0.750000    0.957753   -0.207753 (VIOLATED)
_599_/A1                                0.750000    0.957752   -0.207752 (VIOLATED)
_593_/A2                                0.750000    0.957752   -0.207752 (VIOLATED)
_425_/B                                 0.750000    0.957752   -0.207752 (VIOLATED)
_426_/C_N                               0.750000    0.957752   -0.207752 (VIOLATED)
_469_/A_N                               0.750000    0.957752   -0.207752 (VIOLATED)
_470_/A_N                               0.750000    0.957752   -0.207752 (VIOLATED)
_430_/A_N                               0.750000    0.957752   -0.207752 (VIOLATED)
_661_/A1                                0.750000    0.957752   -0.207752 (VIOLATED)
_427_/A1                                0.750000    0.957508   -0.207508 (VIOLATED)
_438_/C_N                               0.750000    0.957508   -0.207508 (VIOLATED)
_448_/B1_N                              0.750000    0.957508   -0.207508 (VIOLATED)
_517_/B                                 0.750000    0.957508   -0.207508 (VIOLATED)
_575_/C                                 0.750000    0.957508   -0.207508 (VIOLATED)
_800_/Q                                 0.750000    0.957508   -0.207508 (VIOLATED)
_396_/A                                 0.750000    0.818939   -0.068939 (VIOLATED)
_399_/B                                 0.750000    0.818939   -0.068939 (VIOLATED)
_400_/B                                 0.750000    0.818939   -0.068939 (VIOLATED)
_401_/B                                 0.750000    0.818939   -0.068939 (VIOLATED)
_402_/B                                 0.750000    0.818939   -0.068939 (VIOLATED)
_403_/B                                 0.750000    0.818939   -0.068939 (VIOLATED)
_407_/B                                 0.750000    0.818939   -0.068939 (VIOLATED)
_408_/B                                 0.750000    0.818939   -0.068939 (VIOLATED)
_411_/B                                 0.750000    0.818939   -0.068939 (VIOLATED)
_412_/B                                 0.750000    0.818939   -0.068939 (VIOLATED)
_415_/A_N                               0.750000    0.818939   -0.068939 (VIOLATED)
_417_/B                                 0.750000    0.818939   -0.068939 (VIOLATED)
_418_/B                                 0.750000    0.818939   -0.068939 (VIOLATED)
_419_/A2                                0.750000    0.818939   -0.068939 (VIOLATED)
_425_/A_N                               0.750000    0.818939   -0.068939 (VIOLATED)
_426_/B                                 0.750000    0.818939   -0.068939 (VIOLATED)
_437_/C                                 0.750000    0.818939   -0.068939 (VIOLATED)
_438_/B                                 0.750000    0.818939   -0.068939 (VIOLATED)
_442_/C                                 0.750000    0.818939   -0.068939 (VIOLATED)
_448_/A2                                0.750000    0.818939   -0.068939 (VIOLATED)
_451_/A2                                0.750000    0.818939   -0.068939 (VIOLATED)
_452_/A2                                0.750000    0.818939   -0.068939 (VIOLATED)
_454_/A_N                               0.750000    0.818939   -0.068939 (VIOLATED)
_455_/A_N                               0.750000    0.818939   -0.068939 (VIOLATED)
_460_/A                                 0.750000    0.818939   -0.068939 (VIOLATED)
_468_/C                                 0.750000    0.818939   -0.068939 (VIOLATED)
_469_/B                                 0.750000    0.818939   -0.068939 (VIOLATED)
_470_/B                                 0.750000    0.818939   -0.068939 (VIOLATED)
_473_/B                                 0.750000    0.818939   -0.068939 (VIOLATED)
_475_/A2                                0.750000    0.818939   -0.068939 (VIOLATED)
_478_/B                                 0.750000    0.818939   -0.068939 (VIOLATED)
_479_/B                                 0.750000    0.818939   -0.068939 (VIOLATED)
_504_/A2                                0.750000    0.818939   -0.068939 (VIOLATED)
_505_/A2                                0.750000    0.818939   -0.068939 (VIOLATED)
_507_/A                                 0.750000    0.818939   -0.068939 (VIOLATED)
_511_/A2                                0.750000    0.818939   -0.068939 (VIOLATED)
_516_/A1                                0.750000    0.818939   -0.068939 (VIOLATED)
_524_/C                                 0.750000    0.818939   -0.068939 (VIOLATED)
_526_/A3                                0.750000    0.818939   -0.068939 (VIOLATED)
_541_/A2                                0.750000    0.818939   -0.068939 (VIOLATED)
_564_/D                                 0.750000    0.818939   -0.068939 (VIOLATED)
_574_/B                                 0.750000    0.818939   -0.068939 (VIOLATED)
_575_/D                                 0.750000    0.818939   -0.068939 (VIOLATED)
_591_/A2                                0.750000    0.818939   -0.068939 (VIOLATED)
_652_/A1                                0.750000    0.818939   -0.068939 (VIOLATED)
_692_/A2                                0.750000    0.818939   -0.068939 (VIOLATED)
_799_/Q                                 0.750000    0.818939   -0.068939 (VIOLATED)
_459_/A                                 0.750000    0.814069   -0.064069 (VIOLATED)
_409_/A_N                               0.750000    0.814069   -0.064069 (VIOLATED)
_422_/A1                                0.750000    0.814069   -0.064069 (VIOLATED)
_501_/B                                 0.750000    0.814069   -0.064069 (VIOLATED)
_414_/A                                 0.750000    0.814068   -0.064068 (VIOLATED)
_429_/B                                 0.750000    0.814068   -0.064069 (VIOLATED)
_479_/C_N                               0.750000    0.814068   -0.064068 (VIOLATED)
_475_/A1                                0.750000    0.814068   -0.064068 (VIOLATED)
_702_/C                                 0.750000    0.814068   -0.064068 (VIOLATED)
_504_/B1_N                              0.750000    0.814068   -0.064068 (VIOLATED)
_708_/A1                                0.750000    0.814068   -0.064068 (VIOLATED)
_505_/B1_N                              0.750000    0.814068   -0.064068 (VIOLATED)
_637_/A1                                0.750000    0.814068   -0.064068 (VIOLATED)
_455_/B                                 0.750000    0.814068   -0.064068 (VIOLATED)
_636_/A1                                0.750000    0.814068   -0.064068 (VIOLATED)
_503_/A1                                0.750000    0.814067   -0.064067 (VIOLATED)
_413_/A                                 0.750000    0.814067   -0.064067 (VIOLATED)
_391_/A                                 0.750000    0.814064   -0.064064 (VIOLATED)
_399_/A                                 0.750000    0.814064   -0.064064 (VIOLATED)
_400_/A                                 0.750000    0.814064   -0.064064 (VIOLATED)
_401_/A                                 0.750000    0.814064   -0.064064 (VIOLATED)
_402_/A                                 0.750000    0.814064   -0.064064 (VIOLATED)
_403_/A                                 0.750000    0.814064   -0.064064 (VIOLATED)
_410_/A_N                               0.750000    0.814064   -0.064064 (VIOLATED)
_419_/A1                                0.750000    0.814064   -0.064064 (VIOLATED)
_421_/A                                 0.750000    0.814064   -0.064064 (VIOLATED)
_426_/A                                 0.750000    0.814064   -0.064064 (VIOLATED)
_430_/B                                 0.750000    0.814064   -0.064064 (VIOLATED)
_437_/A                                 0.750000    0.814064   -0.064064 (VIOLATED)
_444_/A                                 0.750000    0.814064   -0.064064 (VIOLATED)
_448_/A1                                0.750000    0.814064   -0.064064 (VIOLATED)
_454_/B                                 0.750000    0.814064   -0.064064 (VIOLATED)
_468_/A                                 0.750000    0.814064   -0.064064 (VIOLATED)
_469_/C                                 0.750000    0.814064   -0.064064 (VIOLATED)
_470_/C                                 0.750000    0.814064   -0.064064 (VIOLATED)
_511_/A1                                0.750000    0.814064   -0.064064 (VIOLATED)
_517_/C                                 0.750000    0.814064   -0.064064 (VIOLATED)
_524_/A                                 0.750000    0.814064   -0.064064 (VIOLATED)
_526_/A1                                0.750000    0.814064   -0.064064 (VIOLATED)
_537_/A1                                0.750000    0.814064   -0.064064 (VIOLATED)
_564_/A                                 0.750000    0.814064   -0.064064 (VIOLATED)
_575_/A_N                               0.750000    0.814064   -0.064064 (VIOLATED)
_593_/A1                                0.750000    0.814064   -0.064064 (VIOLATED)
_619_/A1                                0.750000    0.814064   -0.064064 (VIOLATED)
_631_/A1                                0.750000    0.814064   -0.064064 (VIOLATED)
_648_/A1                                0.750000    0.814064   -0.064064 (VIOLATED)
_762_/A1                                0.750000    0.814064   -0.064064 (VIOLATED)
_798_/Q                                 0.750000    0.814064   -0.064064 (VIOLATED)

max fanout

Pin                                   Limit Fanout  Slack
---------------------------------------------------------
_802_/Q                                  10     80    -70 (VIOLATED)
_801_/Q                                  10     77    -67 (VIOLATED)
_800_/Q                                  10     58    -48 (VIOLATED)
_798_/Q                                  10     47    -37 (VIOLATED)
_799_/Q                                  10     46    -36 (VIOLATED)
_394_/Y                                  10     37    -27 (VIOLATED)
_805_/Q                                  10     23    -13 (VIOLATED)
_395_/Y                                  10     22    -12 (VIOLATED)
_803_/Q                                  10     18     -8 (VIOLATED)
_418_/Y                                  10     14     -4 (VIOLATED)
_403_/Y                                  10     12     -2 (VIOLATED)
_404_/Y                                  10     12     -2 (VIOLATED)
_447_/X                                  10     12     -2 (VIOLATED)
_470_/Y                                  10     12     -2 (VIOLATED)

max capacitance

Pin                                        Limit         Cap       Slack
------------------------------------------------------------------------
_802_/Q                                 0.200000    0.278002   -0.078002 (VIOLATED)
_801_/Q                                 0.200000    0.269100   -0.069100 (VIOLATED)
_800_/Q                                 0.200000    0.206344   -0.006344 (VIOLATED)



===========================================================================
report_parasitic_annotation -report_unannotated
============================================================================
Found 0 unannotated drivers.
Found 0 partially unannotated drivers.

===========================================================================
max slew violation count 313
Writing metric design__max_slew_violation__count__corner:nom_tt_025C_1v80: 313
max fanout violation count 14
Writing metric design__max_fanout_violation__count__corner:nom_tt_025C_1v80: 14
max cap violation count 3
Writing metric design__max_cap_violation__count__corner:nom_tt_025C_1v80: 3
============================================================================

===========================================================================
check_setup -verbose -unconstrained_endpoints -multiple_clock -no_clock -no_input_delay -loops -generated_clocks
===========================================================================
