Clock: clk
Sources: clk 
Generated: no
Virtual: no
Propagated: no
Period: 10.000000

===========================================================================
report_clock_properties
============================================================================
Clock                   Period          Waveform
----------------------------------------------------
clk                  10.000000    0.000000  5.000000

===========================================================================
report_clock_latency
============================================================================
Clock clk
rise -> rise
    min     max
0.000000 0.000000 source latency
0.073125         network latency _798_/CLK
        0.073125 network latency _798_/CLK
---------------
0.073125 0.073125 latency
        0.000000 skew

fall -> fall
    min     max
0.000000 0.000000 source latency
0.040220         network latency _798_/CLK
        0.040220 network latency _798_/CLK
---------------
0.040220 0.040220 latency
        0.000000 skew



===========================================================================
report_clock_min_period
============================================================================
clk period_min = 4.77 fmax = 209.48
