Clock: clk
Sources: clk 
Generated: no
Virtual: yes
Propagated: no
Period: 10.000000

===========================================================================
report_clock_properties
============================================================================
Clock                   Period          Waveform
----------------------------------------------------
clk                  10.000000    0.000000  5.000000

===========================================================================
report_clock_latency
============================================================================
Clock clk
rise -> rise
    min     max
0.000000 0.000000 source latency
0.191613         network latency _802_/CLK
        0.193474 network latency _801_/CLK
---------------
0.191613 0.193474 latency
        0.001862 skew

fall -> fall
    min     max
0.000000 0.000000 source latency
0.191775         network latency _802_/CLK
        0.193377 network latency _801_/CLK
---------------
0.191775 0.193377 latency
        0.001603 skew



===========================================================================
report_clock_min_period
============================================================================
clk period_min = 1.47 fmax = 678.05
