Clock: clk
Sources: clk 
Generated: no
Virtual: yes
Propagated: no
Period: 10.000000

===========================================================================
report_clock_properties
============================================================================
Clock                   Period          Waveform
----------------------------------------------------
clk                  10.000000    0.000000  5.000000

===========================================================================
report_clock_latency
============================================================================
Clock clk
rise -> rise
    min     max
0.000000 0.000000 source latency
0.193526         network latency _802_/CLK
        0.195583 network latency _801_/CLK
---------------
0.193526 0.195583 latency
        0.002057 skew

fall -> fall
    min     max
0.000000 0.000000 source latency
0.193146         network latency _802_/CLK
        0.194925 network latency _801_/CLK
---------------
0.193146 0.194925 latency
        0.001779 skew



===========================================================================
report_clock_min_period
============================================================================
clk period_min = 1.51 fmax = 660.39
